Exception at PC 0x00007FFE2AD2A388
Exception at PC 0x00007FFE2AD2A388
Exception at PC 0x00007FFE2AD2A388
Exception at PC 0x00007FFE2AD2A388
Exception at PC 0x00007FFDA710E132
Attemped to write at address 0x00007FFDF0514AA4
Printing stacktrace...

[0]  [0x00007FFDA710E132]
[1]  [0x00007FFDA710E132]
[2]  [0x00007FFDA710E194]
[3]  [0x00007FFDA6D5D0D7]
[4]  [0x00007FFDA6C42BCA]
[5]  [0x00007FFDA6C42FD1]
[6]  [0x00007FFDA710EB2F]
[7]  [0x00007FFDA6FCC19D]
[8]  [0x00007FFDA6FC5942]
[9]  [0x00007FFDA6FC5AB5]
[10] (RtlActivateActivationContextUnsafeFast+0x123) [0x00007FFE2E09B583]
[11] (LdrShutdownProcess+0x125) [0x00007FFE2E0A7F85]
[12] (RtlExitUserProcess+0xd8) [0x00007FFE2E0A7E48]
[13] (FatalExit+0xa) [0x00007FFE2C56C80A]
[14] (exit+0x75) [0x00007FFE2C359CE5]
[15] (initterm_e+0x235) [0x00007FFE2C35A345]
[16]  [0x00000000004014CD]
[17]  [0x000000000040151B]
[18] (BaseThreadInitThunk+0x14) [0x00007FFE2C563DC4]
[19] (RtlUserThreadStart+0x21) [0x00007FFE2E0D3691]
Done
