10:05:18 INFO  : Registering command handlers for SDK TCF services
10:05:19 INFO  : Launching XSCT server: xsct.bat -interactive C:\2014104101\Termproj\Termproj.sdk\temp_xsdb_launch_script.tcl
10:05:25 INFO  : XSCT server has started successfully.
10:05:25 INFO  : Successfully done setting XSCT server connection channel  
10:05:29 INFO  : Successfully done setting SDK workspace  
10:05:29 INFO  : Restoring local repository preferences: 
		 D:\ip_repo
		 D:\2014104101\ip_repo
10:05:29 WARN  : Invalid repository path D:\2014104101\ip_repo.
10:05:29 WARN  : Invalid repository path D:\ip_repo.
10:05:29 INFO  : Processing command line option -hwspec C:/2014104101/Termproj/Termproj.sdk/system_wrapper.hdf.
10:18:48 ERROR : (XSDB Server)ERROR: [Hsi 55-1594] Core cpu_cortexa9 of v
10:18:48 ERROR : (XSDB Server)ersion 2.1 not found in repositories
ERROR: [Hsi 55-1594] Core devcfg of version 3.2 not found in repositories
ERROR: [Hsi 55-1594] Core iicps of version 2.3 not found in repositories
ERROR: [Hsi 55-1594] Core scugic of version 2.1 not found in repositories
ERROR: [Hsi 55-1594] Core scutimer of version 2.0 not found in repositories
ERROR: [Hsi 55-1594] Core scuwdt of version 2.0 not found in repositories
ERROR: [Hsi 55-1594] Core uartps of version 2.2 not found in repositories
ERROR: [Hsi 55-1594] Core xadcps of version 2.1 not found in repositories
ERROR: [Hsi 55-1594] Core pushbutton of version 1.0 not found in repositories
ERROR: [Hsi 55-1594] Core pwm_gen of version 1.0 not found in repositories

10:18:48 ERROR : (XSDB Server)ERROR: [Hsi 55-1594] Core seven_seg of version 1.0 not found in repositories
ERROR: [Hsi 55-1594] Core textlcd of version 1.0 not found in repositories
ERROR:
10:18:48 ERROR : (XSDB Server) [Hsi 55-1594] Core standalone of version 4.2 not found in repositories

10:18:48 ERROR : (XSDB Server)ERROR: [Hsi 55-1452] Error: ru
10:18:48 ERROR : (XSDB Server)nning open_sw_design.

10:18:48 ERROR :  [Common 17-39] 'hsi::open_sw_design' failed due to earlier errors.
10:18:48 ERROR : (XSDB Server)ERROR: [Hsi 55-159
10:18:48 ERROR : (XSDB Server)4] Core cpu_cortexa9 of version 2.1 not found in repositories
ERROR: [
10:18:48 ERROR : (XSDB Server)Hsi 55-1594] Core devcfg of version 3.2 not found in repositories

10:18:48 ERROR : (XSDB Server)ERROR: [Hsi 55-1594] Core iicps of version 2.3 not found in repositories

10:18:48 ERROR : (XSDB Server)ERROR: [Hsi 55-1594]
10:18:48 ERROR : (XSDB Server) Core scugic of version 2.1 not found in repositories

10:18:48 ERROR : (XSDB Server)ERROR: [Hsi 55-1594] Core scutimer of version 2.0 not found in 
10:18:48 ERROR : (XSDB Server)repositories
ERROR: [
10:18:48 ERROR : (XSDB Server)Hsi 55-1594] Core scuwdt of version 2.0 not found in repositories

10:18:48 ERROR : (XSDB Server)ERROR: [Hsi 55-1594] Core uartps of version 2
10:18:48 ERROR : (XSDB Server).2 not found in repositories
ERROR: [Hsi 55-1594] Core xadcps o
10:18:48 ERROR : (XSDB Server)f version 2.1 not found in repositories
ERROR: [Hsi 55-15
10:18:48 ERROR : (XSDB Server)94] Core pushbutton of version 1.0 not found in repositories

10:18:48 ERROR : (XSDB Server)ERROR: [Hsi 55-1594] Core pwm_gen of version 1.0 not found 
10:18:48 ERROR : (XSDB Server)in repositories
ERROR: [Hsi 55-1594] Core s
10:18:48 ERROR : (XSDB Server)even_seg of version 1.0 not found in repositories
ERROR: [Hsi 55-1594] Core textlcd
10:18:48 ERROR : (XSDB Server) of version 1.0 not found in repositories

10:18:48 ERROR : (XSDB Server)ERROR: [Hsi 55-1594] Core standalone of version 4.2 not found in
10:18:48 ERROR : (XSDB Server) repositories
ERROR: [Hsi 55-1452] Error: running open_sw_design.
10:18:48 ERROR : (XSDB Server)

10:18:48 INFO  : Unable to read in MSS file C:\2014104101\Termproj\Termproj.sdk\ps_termproj_bsp\system.mss : null
10:18:48 ERROR : (XSDB Server)ERROR: [Hsi 55-1594] Core cpu_cortexa9 of version 2.1 not
10:18:48 ERROR : (XSDB Server) found in repositories
ERROR: [Hsi 55-1594] Core de
10:18:48 ERROR : (XSDB Server)vcfg of version 3.2 not found in repositories

10:18:48 ERROR : (XSDB Server)ERROR: [Hsi 55-1594] Core iicps of version 2.3 not found in repositories
ERROR: [Hsi 55-15
10:18:48 ERROR : (XSDB Server)94] Core scugic of version 2.1 not found in repositories

10:18:48 ERROR : (XSDB Server)ERROR: [Hsi 55-1594] Core scutimer of 
10:18:48 ERROR : (XSDB Server)version 2.0 not found in repositories

10:18:48 ERROR : (XSDB Server)ERROR: [Hsi 55-1594] 
10:18:48 ERROR : (XSDB Server)Core scuwdt of version 2.0 not found
10:18:48 ERROR : (XSDB Server) in repositories

10:18:48 ERROR : (XSDB Server)ERROR: [Hsi 5
10:18:48 ERROR : (XSDB Server)5-1594] Core uartps of version 2.2
10:18:48 ERROR : (XSDB Server) not found in repositories

10:18:48 ERROR : (XSDB Server)ERROR: [Hsi 55-1594] Core xadcps of version 2.1 not found in repos
10:18:48 ERROR : (XSDB Server)itories

10:18:48 ERROR : (XSDB Server)ERROR: [Hsi 55-1594] Core pushbu
10:18:48 ERROR : (XSDB Server)tton of version 1.0 not found in repo
10:18:48 ERROR : (XSDB Server)sitories
ERROR: [Hsi 55-1594] Core pwm_gen of version 1.0 not found in repositories

10:18:48 ERROR : (XSDB Server)ERROR: [Hsi 55-1594] Core seven_s
10:18:48 ERROR : (XSDB Server)eg of version 1.0 not found in repositories

10:18:48 ERROR : (XSDB Server)ERROR: [Hsi 55-1594] Core textlcd of version 1.
10:18:48 ERROR : (XSDB Server)0 not found in repositories

10:18:48 ERROR : (XSDB Server)ERROR: [Hsi 55-1594] Core 
10:18:48 ERROR : (XSDB Server)standalone of version 4.2 not found in repositories

10:18:48 ERROR : (XSDB Server)ERROR: [Hsi 55-1452] 
10:18:48 ERROR : (XSDB Server)Error: running open_sw_design.

10:18:48 ERROR : (XSDB Server)ERROR: [Hsi 55-1594] Core cpu_cor
10:18:48 ERROR : (XSDB Server)texa9 of version 2.1 not found in repositories
ERROR
10:18:48 ERROR : (XSDB Server): [Hsi 55-1594] Core devcfg of version 3.2 not found in repositories

10:18:48 ERROR : (XSDB Server)ERROR: [Hsi 55-1594] Core iicps of version 2
10:18:48 ERROR : (XSDB Server).3 not found in repositories

10:18:48 ERROR : (XSDB Server)ERROR: [Hsi 55-1594] Core 
10:18:48 ERROR : (XSDB Server)scugic of version 2.1 not found in repositories

10:18:48 ERROR : (XSDB Server)ERROR: [Hsi 55-1594] Core
10:18:48 ERROR : (XSDB Server) scutimer of version 2.0 not found
10:18:48 ERROR : (XSDB Server) in repositories

10:18:48 ERROR : (XSDB Server)ERROR: [Hsi 55-1594] Core scuwdt of version 2.0 not found in repositories

10:18:48 ERROR : (XSDB Server)ERROR: [Hsi 55-1594] Core uartps of version 2.2 not found in repositories
ERROR: [Hsi 55-1594] Core xadcps of version 2.1 not found i
10:18:48 ERROR : (XSDB Server)n repositories
ERROR: [Hsi 55-1
10:18:48 ERROR : (XSDB Server)594] Core pushbutton of version 1.0 not
10:18:48 ERROR : (XSDB Server) found in repositories

10:18:48 ERROR : (XSDB Server)ERROR: [Hsi 55-1594] Core 
10:18:48 ERROR : (XSDB Server)pwm_gen of version 1.0 not found in repositories

10:18:48 ERROR : (XSDB Server)ERROR: [Hsi 5
10:18:48 ERROR : (XSDB Server)5-1594] Core seven_seg of version 1.0 not found in reposito
10:18:48 ERROR : (XSDB Server)ries
ERROR: [Hs
10:18:48 ERROR : (XSDB Server)i 55-1594] Core textlcd
10:18:48 ERROR : (XSDB Server) of version 1.0 not found in reposito
10:18:48 ERROR : (XSDB Server)ries
ERROR: [H
10:18:48 ERROR : (XSDB Server)si 55-1594] Core standalone of version 4.2 not found in repositories

10:18:48 ERROR : (XSDB Server)ERROR: [Hsi 55-1452] Error: running open_
10:18:48 ERROR : (XSDB Server)sw_design.

10:18:49 ERROR : (XSDB Server)ERROR: [Hsi 55-1594] Core cpu_corte
10:18:49 ERROR : (XSDB Server)xa9 of version 2.1 not found in repositories
ERROR: [Hsi 55-1594] Core devcfg of version 3.2 not found in repositories
ERROR: [Hsi 55-1594] Core iicps of version 2.3 not found in repositories
ERROR: [Hsi 55-1594] Core scugic of version 2.1 not found in repositories
ERROR: [Hsi 55-1594] Core scutimer of version 2.0 not found in repositories
ERROR: [Hsi 55-1594] Core scuwdt of version 2.0
10:18:49 ERROR : (XSDB Server) not found in repositories
ERROR: [Hsi 55-1594] C
10:18:49 ERROR : (XSDB Server)ore uartps of version 2.2 not found in repositories

10:18:49 ERROR : (XSDB Server)ERROR: [Hsi 55-1594] Core xadcps of version 2.1 not found in repositories

10:18:49 ERROR : (XSDB Server)ERROR: [Hsi 55-1594] Core pushbutton of version 1.0 not found in repositories
ERROR: 
10:18:49 ERROR : (XSDB Server)[Hsi 55-1594] Core pwm_gen of version 1.0 not foun
10:18:49 ERROR : (XSDB Server)d in repositories
ERROR: [H
10:18:49 ERROR : (XSDB Server)si 55-1594] Core seven_seg of version 1.0 n
10:18:49 ERROR : (XSDB Server)ot found in repositories

10:18:49 ERROR : (XSDB Server)ERROR: [Hsi 55-1594] Core textlcd of version 1.0 not found in repositories
ERROR: [Hsi 55-1594] Cor
10:18:49 ERROR : (XSDB Server)e standalone of version 4.2 not found in repositories

10:18:49 ERROR : (XSDB Server)ERROR: [Hsi 55-1452] Error: run
10:18:49 ERROR : (XSDB Server)ning open_sw_design.

10:18:49 ERROR :  [Common 17-39] 'hsi::open_sw_design' failed due to earlier errors.
10:18:49 ERROR : (XSDB Server)ERROR: [Hsi 55-1594] Core cpu_cortexa9 of version
10:18:49 ERROR : (XSDB Server) 2.1 not found in repositories
ERROR: [Hsi 55-1594] Core d
10:18:49 ERROR : (XSDB Server)evcfg of version 3.2 not found in repositories

10:18:49 ERROR : (XSDB Server)ERROR: [Hsi 55-1594] Core iicps of version 2.
10:18:49 ERROR : (XSDB Server)3 not found in repositories

10:18:49 ERROR : (XSDB Server)ERROR: [Hsi 
10:18:49 ERROR : (XSDB Server)55-1594] Core scugic of version 2.1 not found in repositories

10:18:49 ERROR : (XSDB Server)ERROR: [Hsi 55-1594] Core scutimer of version 2
10:18:49 ERROR : (XSDB Server).0 not found in repositories
ERROR: [Hsi 55-1594]
10:18:49 ERROR : (XSDB Server) Core scuwdt of version 2.0 not fou
10:18:49 ERROR : (XSDB Server)nd in repositories

10:18:49 ERROR : (XSDB Server)ERROR: [Hsi 55-1594] Core uartps of
10:18:49 ERROR : (XSDB Server) version 2.2 not found in repositories

10:18:49 ERROR : (XSDB Server)ERROR: [Hsi 55-15
10:18:49 ERROR : (XSDB Server)94] Core xadcps of version 2
10:18:49 ERROR : (XSDB Server).1 not found in repositories

10:18:49 ERROR : (XSDB Server)ERROR: [Hsi
10:18:49 ERROR : (XSDB Server) 55-1594] Core pushbutton of version 1
10:18:49 ERROR : (XSDB Server).0 not found in repositories

10:18:49 ERROR : (XSDB Server)ERROR: [Hsi 55-1594] Core 
10:18:49 ERROR : (XSDB Server)pwm_gen of version 1.0 not found in reposi
10:18:49 ERROR : (XSDB Server)tories

10:18:49 ERROR : (XSDB Server)ERROR: [Hs
10:18:49 ERROR : (XSDB Server)i 55-1594] Core seven_seg of version 1.0 not found in repositories

10:18:49 ERROR : (XSDB Server)ERROR: [Hsi 55-1594] Core textlcd of versio
10:18:49 ERROR : (XSDB Server)n 1.0 not found in repositories

10:18:49 ERROR : (XSDB Server)ERROR: [Hsi 55-1594] Core standalone of version 4.2 not found in repositories
ERROR: [Hsi 55-1452] Error: running open_sw_design.

10:18:49 INFO  : Unable to read in MSS file C:\2014104101\Termproj\Termproj.sdk\ps_termproj_bsp\system.mss : null
10:18:49 ERROR : (XSDB Server)ERROR: [Hsi 55-1594] Core cpu_c
10:18:49 ERROR : (XSDB Server)ortexa9 of version 2.1 not found in repositories

10:18:49 ERROR : (XSDB Server)ERROR: [Hsi 55-1594] Core devcfg of version
10:18:49 ERROR : (XSDB Server) 3.2 not found in repositories

10:18:49 ERROR : (XSDB Server)ERROR: [Hsi 55-1594] Core iicps of ver
10:18:49 ERROR : (XSDB Server)sion 2.3 not found in repositories

10:18:49 ERROR : (XSDB Server)ERROR: [Hsi 55
10:18:49 ERROR : (XSDB Server)-1594] Core scugic of version 2.1 not found in repositories

10:18:49 ERROR : (XSDB Server)ERROR: [Hsi 55-1594
10:18:49 ERROR : (XSDB Server)] Core scutimer of version 2.0 not found in repositories

10:18:49 ERROR : (XSDB Server)ERROR: [Hsi 55-1594] Core
10:18:49 ERROR : (XSDB Server) scuwdt of version 2.
10:18:49 ERROR : (XSDB Server)0 not found in repositori
10:18:49 ERROR : (XSDB Server)es

10:18:49 ERROR : (XSDB Server)ERROR: [Hsi 55-
10:18:49 ERROR : (XSDB Server)1594] Core uartps of version 2.2 not found in repositories

10:18:49 ERROR : (XSDB Server)ERROR: [Hsi 55-1594] Core xadcps of version 2.1 not found in repos
10:18:49 ERROR : (XSDB Server)itories
ERROR: [Hsi 55-1594] Core pushbutton of version 1.0 not found in repositories
ERROR:
10:18:49 ERROR : (XSDB Server) [Hsi 55-1594] Core pwm_gen of version 1.0 not found in repositories

10:18:49 ERROR : (XSDB Server)ERROR: [Hsi 55-1594] Core seven_se
10:18:49 ERROR : (XSDB Server)g of version 1.0 not found in repositories

10:18:49 ERROR : (XSDB Server)ERROR: [Hsi 55-1594] Core textlcd of version 1.0 not found in repositories

10:18:49 ERROR : (XSDB Server)ERROR: [Hsi 55-1594] Core standalone of ve
10:18:49 ERROR : (XSDB Server)rsion 4.2 not found in repositories
ERROR
10:18:49 ERROR : (XSDB Server): [Hsi 55-1452] Error: running open_sw_design.

10:18:49 ERROR : Failed to closesw "C:/2014104101/Termproj/Termproj.sdk/ps_termproj_bsp/system.mss"
Reason: Cannot close sw design 'C:/2014104101/Termproj/Termproj.sdk/ps_termproj_bsp/system.mss'.
Design is not opened in the current session.


