#-----------------------------------------------------------
# Vivado v2017.4 (64-bit)
# SW Build 2086221 on Fri Dec 15 20:55:39 MST 2017
# IP Build 2085800 on Fri Dec 15 22:25:07 MST 2017
# Start of session at: Fri May 17 13:25:47 2019
# Process ID: 19908
# Current directory: C:/2014104101/ps_digital_clock
# Command line: vivado.exe -gui_launcher_event rodinguilauncherevent8112 C:\2014104101\ps_digital_clock\ps_digital_clock.xpr
# Log file: C:/2014104101/ps_digital_clock/vivado.log
# Journal file: C:/2014104101/ps_digital_clock\vivado.jou
#-----------------------------------------------------------
start_gui
open_project C:/2014104101/ps_digital_clock/ps_digital_clock.xpr
Scanning sources...
Finished scanning sources
INFO: [IP_Flow 19-234] Refreshing IP repositories
WARNING: [IP_Flow 19-3685] Ignored loading user repository 'c:/2014104101/ip_repo/seven_seg_1.0'. The path is contained within another repository.
INFO: [IP_Flow 19-1700] Loaded user IP repository 'c:/2014104101/ip_repo'.
INFO: [IP_Flow 19-2313] Loaded Vivado IP repository 'C:/Xilinx/Vivado/2017.4/data/ip'.
open_project: Time (s): cpu = 00:00:25 ; elapsed = 00:00:16 . Memory (MB): peak = 838.230 ; gain = 141.047
update_compile_order -fileset sources_1
open_bd_design {C:/2014104101/ps_digital_clock/ps_digital_clock.srcs/sources_1/bd/system/system.bd}
Adding cell -- xilinx.com:ip:processing_system7:5.5 - processing_system7_0
Adding cell -- xilinx.com:user:seven_seg:1.0 - seven_seg_0
Adding cell -- xilinx.com:user:textlcd:1.0 - textlcd_0
Adding cell -- xilinx.com:ip:proc_sys_reset:5.0 - rst_ps7_0_50M
WARNING: [BD 41-1731] Type mismatch between connected pins: /resetn_0(rst) and /textlcd_0/resetn(undef)
WARNING: [BD 41-1731] Type mismatch between connected pins: /clk_0(clk) and /textlcd_0/lcdclk(undef)
Adding cell -- xilinx.com:ip:axi_crossbar:2.1 - xbar
Adding cell -- xilinx.com:ip:axi_protocol_converter:2.1 - auto_pc
Successfully read diagram <system> from BD file <C:/2014104101/ps_digital_clock/ps_digital_clock.srcs/sources_1/bd/system/system.bd>
open_bd_design: Time (s): cpu = 00:00:14 ; elapsed = 00:00:13 . Memory (MB): peak = 888.746 ; gain = 50.516
WARNING: [IP_Flow 19-474] Invalid Parameter 'Component_Name'
exit
INFO: [Common 17-206] Exiting Vivado at Sat May 18 23:34:28 2019...
