Exception at PC 0x00007FFDC6B8A388
Exception at PC 0x00007FFDC6B8A388
Exception at PC 0x00007FFDC6B8A388
Exception at PC 0x00007FFDC6B8A388
Exception at PC 0x00007FFD335BE132
Attemped to write at address 0x00007FFD88F74AA4
Printing stacktrace...

[0]  [0x00007FFD335BE132]
[1]  [0x00007FFD335BE132]
[2]  [0x00007FFD335BE194]
[3]  [0x00007FFD3320D0D7]
[4]  [0x00007FFD330F2BCA]
[5]  [0x00007FFD330F2FD1]
[6]  [0x00007FFD335BEB2F]
[7]  [0x00007FFD3347C19D]
[8]  [0x00007FFD33475942]
[9]  [0x00007FFD33475AB5]
[10] (RtlActivateActivationContextUnsafeFast+0x123) [0x00007FFDCA50B583]
[11] (LdrShutdownProcess+0x125) [0x00007FFDCA517F85]
[12] (RtlExitUserProcess+0xd8) [0x00007FFDCA517E48]
[13] (FatalExit+0xa) [0x00007FFDC9A9C80A]
[14] (exit+0x75) [0x00007FFDC8029CE5]
[15] (initterm_e+0x235) [0x00007FFDC802A345]
[16]  [0x00000000004014CD]
[17]  [0x000000000040151B]
[18] (BaseThreadInitThunk+0x14) [0x00007FFDC9A93DC4]
[19] (RtlUserThreadStart+0x21) [0x00007FFDCA543691]
Done
