#-----------------------------------------------------------
# Vivado v2017.4 (64-bit)
# SW Build 2086221 on Fri Dec 15 20:55:39 MST 2017
# IP Build 2085800 on Fri Dec 15 22:25:07 MST 2017
# Start of session at: Sat Jun 22 10:00:07 2019
# Process ID: 17888
# Current directory: C:/2014104101/Termproj
# Command line: vivado.exe -gui_launcher_event rodinguilauncherevent15288 C:\2014104101\Termproj\Termproj.xpr
# Log file: C:/2014104101/Termproj/vivado.log
# Journal file: C:/2014104101/Termproj\vivado.jou
#-----------------------------------------------------------
start_gui
open_project -read_only C:/2014104101/Termproj/Termproj.xpr
INFO: [Project 1-313] Project file moved from 'D:/2014104101/Termproj' since last save.
CRITICAL WARNING: [Project 1-311] Could not find the file 'C:/2014104101/soc_test/test_push/test_push.srcs/constrs_1/imports/digital_clock_files2/top.xdc', nor could it be found using path 'D:/2014104101/soc_test/test_push/test_push.srcs/constrs_1/imports/digital_clock_files2/top.xdc'.
Scanning sources...
Finished scanning sources
INFO: [IP_Flow 19-234] Refreshing IP repositories
INFO: [IP_Flow 19-1700] Loaded user IP repository 'c:/2014104101/ip_repo'.
INFO: [IP_Flow 19-2313] Loaded Vivado IP repository 'C:/Xilinx/Vivado/2017.4/data/ip'.
WARNING: [BD 41-1663] The design 'system.bd' cannot be modified due to following reason(s):
* Project is read-only. Please run 'save_project_as' before making any change to the bd-design. 

WARNING: [BD 41-1661] One or more IPs have been locked in the design 'system.bd'. Please run report_ip_status for more details and recommendations on how to fix this issue.
List of locked IPs:
system_pushbutton_0_0
system_processing_system7_0_0
system_rst_processing_system7_0_50M_0
system_seven_seg_0_0
system_xlconcat_0_0
system_textlcd_0_0
system_pwm_gen_0_0
system_xbar_0
system_auto_pc_0
system_processing_system7_0_axi_periph_0

WARNING: [Project 1-229] Project 'Termproj.xpr' is read-only and therefore could not be upgraded for this version of Vivado.  Use 'File | Save Project As...' if you wish to save an upgraded copy.
open_project: Time (s): cpu = 00:00:27 ; elapsed = 00:00:17 . Memory (MB): peak = 784.891 ; gain = 85.051
update_compile_order -fileset sources_1
INFO: [Vivado 12-4158] Exported Hardware file is out of date. Exported hardware information may be inconsistent with respect to the current state of the design. It is recommended that you re-export the design and launch SDK otherwise SDK is launched with out of date hardware system file.
launch_sdk -workspace C:/2014104101/Termproj/Termproj.sdk -hwspec C:/2014104101/Termproj/Termproj.sdk/system_wrapper.hdf
INFO: [Vivado 12-393] Launching SDK...
INFO: [Vivado 12-417] Running xsdk -workspace C:/2014104101/Termproj/Termproj.sdk -hwspec C:/2014104101/Termproj/Termproj.sdk/system_wrapper.hdf
INFO: [Vivado 12-3157] SDK launch initiated. Please check console for any further messages.
