
*** Running vivado
    with args -log system_wrapper.vds -m64 -product Vivado -mode batch -messageDb vivado.pb -notrace -source system_wrapper.tcl


****** Vivado v2017.4 (64-bit)
  **** SW Build 2086221 on Fri Dec 15 20:55:39 MST 2017
  **** IP Build 2085800 on Fri Dec 15 22:25:07 MST 2017
    ** Copyright 1986-2017 Xilinx, Inc. All Rights Reserved.

source system_wrapper.tcl -notrace
INFO: [IP_Flow 19-234] Refreshing IP repositories
WARNING: [IP_Flow 19-3685] Ignored loading user repository 'c:/2014104101/ip_repo/seven_seg_1.0'. The path is contained within another repository.
INFO: [IP_Flow 19-1700] Loaded user IP repository 'c:/2014104101/ip_repo'.
INFO: [IP_Flow 19-2313] Loaded Vivado IP repository 'C:/Xilinx/Vivado/2017.4/data/ip'.
add_files: Time (s): cpu = 00:00:04 ; elapsed = 00:00:05 . Memory (MB): peak = 272.316 ; gain = 41.273
Command: synth_design -top system_wrapper -part xc7z020clg484-1
Starting synth_design
Attempting to get a license for feature 'Synthesis' and/or device 'xc7z020'
INFO: [Common 17-349] Got license for feature 'Synthesis' and/or device 'xc7z020'
INFO: Launching helper process for spawning children vivado processes
INFO: Helper process launched with PID 3628 
---------------------------------------------------------------------------------
Starting RTL Elaboration : Time (s): cpu = 00:00:09 ; elapsed = 00:00:09 . Memory (MB): peak = 381.168 ; gain = 101.934
---------------------------------------------------------------------------------
INFO: [Synth 8-638] synthesizing module 'system_wrapper' [C:/2014104101/ps_digital_clock/ps_digital_clock.srcs/sources_1/imports/hdl/system_wrapper.v:12]
INFO: [Synth 8-638] synthesizing module 'system' [C:/2014104101/ps_digital_clock/ps_digital_clock.srcs/sources_1/bd/system/synth/system.v:610]
INFO: [Synth 8-638] synthesizing module 'system_processing_system7_0_0' [C:/2014104101/ps_digital_clock/ps_digital_clock.runs/synth_1/.Xil/Vivado-17400-DESKTOP-I4IGBI9/realtime/system_processing_system7_0_0_stub.v:6]
INFO: [Synth 8-256] done synthesizing module 'system_processing_system7_0_0' (1#1) [C:/2014104101/ps_digital_clock/ps_digital_clock.runs/synth_1/.Xil/Vivado-17400-DESKTOP-I4IGBI9/realtime/system_processing_system7_0_0_stub.v:6]
INFO: [Synth 8-638] synthesizing module 'system_ps7_0_axi_periph_0' [C:/2014104101/ps_digital_clock/ps_digital_clock.srcs/sources_1/bd/system/synth/system.v:932]
INFO: [Synth 8-638] synthesizing module 'm00_couplers_imp_1H7AUOX' [C:/2014104101/ps_digital_clock/ps_digital_clock.srcs/sources_1/bd/system/synth/system.v:12]
INFO: [Synth 8-256] done synthesizing module 'm00_couplers_imp_1H7AUOX' (2#1) [C:/2014104101/ps_digital_clock/ps_digital_clock.srcs/sources_1/bd/system/synth/system.v:12]
INFO: [Synth 8-638] synthesizing module 'm01_couplers_imp_4Y7TYO' [C:/2014104101/ps_digital_clock/ps_digital_clock.srcs/sources_1/bd/system/synth/system.v:158]
INFO: [Synth 8-256] done synthesizing module 'm01_couplers_imp_4Y7TYO' (3#1) [C:/2014104101/ps_digital_clock/ps_digital_clock.srcs/sources_1/bd/system/synth/system.v:158]
INFO: [Synth 8-638] synthesizing module 's00_couplers_imp_11SE3QO' [C:/2014104101/ps_digital_clock/ps_digital_clock.srcs/sources_1/bd/system/synth/system.v:304]
INFO: [Synth 8-638] synthesizing module 'system_auto_pc_0' [C:/2014104101/ps_digital_clock/ps_digital_clock.runs/synth_1/.Xil/Vivado-17400-DESKTOP-I4IGBI9/realtime/system_auto_pc_0_stub.v:6]
INFO: [Synth 8-256] done synthesizing module 'system_auto_pc_0' (4#1) [C:/2014104101/ps_digital_clock/ps_digital_clock.runs/synth_1/.Xil/Vivado-17400-DESKTOP-I4IGBI9/realtime/system_auto_pc_0_stub.v:6]
INFO: [Synth 8-256] done synthesizing module 's00_couplers_imp_11SE3QO' (5#1) [C:/2014104101/ps_digital_clock/ps_digital_clock.srcs/sources_1/bd/system/synth/system.v:304]
INFO: [Synth 8-638] synthesizing module 'system_xbar_0' [C:/2014104101/ps_digital_clock/ps_digital_clock.runs/synth_1/.Xil/Vivado-17400-DESKTOP-I4IGBI9/realtime/system_xbar_0_stub.v:6]
INFO: [Synth 8-256] done synthesizing module 'system_xbar_0' (6#1) [C:/2014104101/ps_digital_clock/ps_digital_clock.runs/synth_1/.Xil/Vivado-17400-DESKTOP-I4IGBI9/realtime/system_xbar_0_stub.v:6]
INFO: [Synth 8-256] done synthesizing module 'system_ps7_0_axi_periph_0' (7#1) [C:/2014104101/ps_digital_clock/ps_digital_clock.srcs/sources_1/bd/system/synth/system.v:932]
INFO: [Synth 8-638] synthesizing module 'system_rst_ps7_0_50M_0' [C:/2014104101/ps_digital_clock/ps_digital_clock.runs/synth_1/.Xil/Vivado-17400-DESKTOP-I4IGBI9/realtime/system_rst_ps7_0_50M_0_stub.v:6]
INFO: [Synth 8-256] done synthesizing module 'system_rst_ps7_0_50M_0' (8#1) [C:/2014104101/ps_digital_clock/ps_digital_clock.runs/synth_1/.Xil/Vivado-17400-DESKTOP-I4IGBI9/realtime/system_rst_ps7_0_50M_0_stub.v:6]
WARNING: [Synth 8-350] instance 'rst_ps7_0_50M' of module 'system_rst_ps7_0_50M_0' requires 10 connections, but only 7 given [C:/2014104101/ps_digital_clock/ps_digital_clock.srcs/sources_1/bd/system/synth/system.v:868]
INFO: [Synth 8-638] synthesizing module 'system_seven_seg_0_0' [C:/2014104101/ps_digital_clock/ps_digital_clock.runs/synth_1/.Xil/Vivado-17400-DESKTOP-I4IGBI9/realtime/system_seven_seg_0_0_stub.v:6]
INFO: [Synth 8-256] done synthesizing module 'system_seven_seg_0_0' (9#1) [C:/2014104101/ps_digital_clock/ps_digital_clock.runs/synth_1/.Xil/Vivado-17400-DESKTOP-I4IGBI9/realtime/system_seven_seg_0_0_stub.v:6]
INFO: [Synth 8-638] synthesizing module 'system_textlcd_0_0' [C:/2014104101/ps_digital_clock/ps_digital_clock.runs/synth_1/.Xil/Vivado-17400-DESKTOP-I4IGBI9/realtime/system_textlcd_0_0_stub.v:6]
INFO: [Synth 8-256] done synthesizing module 'system_textlcd_0_0' (10#1) [C:/2014104101/ps_digital_clock/ps_digital_clock.runs/synth_1/.Xil/Vivado-17400-DESKTOP-I4IGBI9/realtime/system_textlcd_0_0_stub.v:6]
INFO: [Synth 8-256] done synthesizing module 'system' (11#1) [C:/2014104101/ps_digital_clock/ps_digital_clock.srcs/sources_1/bd/system/synth/system.v:610]
INFO: [Synth 8-256] done synthesizing module 'system_wrapper' (12#1) [C:/2014104101/ps_digital_clock/ps_digital_clock.srcs/sources_1/imports/hdl/system_wrapper.v:12]
WARNING: [Synth 8-3331] design s00_couplers_imp_11SE3QO has unconnected port M_ACLK
WARNING: [Synth 8-3331] design s00_couplers_imp_11SE3QO has unconnected port M_ARESETN
WARNING: [Synth 8-3331] design m01_couplers_imp_4Y7TYO has unconnected port M_ACLK
WARNING: [Synth 8-3331] design m01_couplers_imp_4Y7TYO has unconnected port M_ARESETN
WARNING: [Synth 8-3331] design m01_couplers_imp_4Y7TYO has unconnected port S_ACLK
WARNING: [Synth 8-3331] design m01_couplers_imp_4Y7TYO has unconnected port S_ARESETN
WARNING: [Synth 8-3331] design m00_couplers_imp_1H7AUOX has unconnected port M_ACLK
WARNING: [Synth 8-3331] design m00_couplers_imp_1H7AUOX has unconnected port M_ARESETN
WARNING: [Synth 8-3331] design m00_couplers_imp_1H7AUOX has unconnected port S_ACLK
WARNING: [Synth 8-3331] design m00_couplers_imp_1H7AUOX has unconnected port S_ARESETN
---------------------------------------------------------------------------------
Finished RTL Elaboration : Time (s): cpu = 00:00:11 ; elapsed = 00:00:11 . Memory (MB): peak = 434.270 ; gain = 155.035
---------------------------------------------------------------------------------

Report Check Netlist: 
+------+------------------+-------+---------+-------+------------------+
|      |Item              |Errors |Warnings |Status |Description       |
+------+------------------+-------+---------+-------+------------------+
|1     |multi_driven_nets |      0|        0|Passed |Multi driven nets |
+------+------------------+-------+---------+-------+------------------+
---------------------------------------------------------------------------------
Finished RTL Optimization Phase 1 : Time (s): cpu = 00:00:11 ; elapsed = 00:00:11 . Memory (MB): peak = 434.270 ; gain = 155.035
---------------------------------------------------------------------------------
INFO: [Device 21-403] Loading part xc7z020clg484-1
INFO: [Project 1-570] Preparing netlist for logic optimization

Processing XDC Constraints
Initializing timing engine
Parsing XDC File [C:/2014104101/ps_digital_clock/ps_digital_clock.runs/synth_1/.Xil/Vivado-17400-DESKTOP-I4IGBI9/dcp6/system_processing_system7_0_0_in_context.xdc] for cell 'system_i/processing_system7_0'
Finished Parsing XDC File [C:/2014104101/ps_digital_clock/ps_digital_clock.runs/synth_1/.Xil/Vivado-17400-DESKTOP-I4IGBI9/dcp6/system_processing_system7_0_0_in_context.xdc] for cell 'system_i/processing_system7_0'
Parsing XDC File [C:/2014104101/ps_digital_clock/ps_digital_clock.runs/synth_1/.Xil/Vivado-17400-DESKTOP-I4IGBI9/dcp7/system_seven_seg_0_0_in_context.xdc] for cell 'system_i/seven_seg_0'
Finished Parsing XDC File [C:/2014104101/ps_digital_clock/ps_digital_clock.runs/synth_1/.Xil/Vivado-17400-DESKTOP-I4IGBI9/dcp7/system_seven_seg_0_0_in_context.xdc] for cell 'system_i/seven_seg_0'
Parsing XDC File [C:/2014104101/ps_digital_clock/ps_digital_clock.runs/synth_1/.Xil/Vivado-17400-DESKTOP-I4IGBI9/dcp8/system_textlcd_0_0_in_context.xdc] for cell 'system_i/textlcd_0'
Finished Parsing XDC File [C:/2014104101/ps_digital_clock/ps_digital_clock.runs/synth_1/.Xil/Vivado-17400-DESKTOP-I4IGBI9/dcp8/system_textlcd_0_0_in_context.xdc] for cell 'system_i/textlcd_0'
Parsing XDC File [C:/2014104101/ps_digital_clock/ps_digital_clock.runs/synth_1/.Xil/Vivado-17400-DESKTOP-I4IGBI9/dcp9/system_rst_ps7_0_50M_0_in_context.xdc] for cell 'system_i/rst_ps7_0_50M'
Finished Parsing XDC File [C:/2014104101/ps_digital_clock/ps_digital_clock.runs/synth_1/.Xil/Vivado-17400-DESKTOP-I4IGBI9/dcp9/system_rst_ps7_0_50M_0_in_context.xdc] for cell 'system_i/rst_ps7_0_50M'
Parsing XDC File [C:/2014104101/ps_digital_clock/ps_digital_clock.runs/synth_1/.Xil/Vivado-17400-DESKTOP-I4IGBI9/dcp10/system_xbar_0_in_context.xdc] for cell 'system_i/ps7_0_axi_periph/xbar'
Finished Parsing XDC File [C:/2014104101/ps_digital_clock/ps_digital_clock.runs/synth_1/.Xil/Vivado-17400-DESKTOP-I4IGBI9/dcp10/system_xbar_0_in_context.xdc] for cell 'system_i/ps7_0_axi_periph/xbar'
Parsing XDC File [C:/2014104101/ps_digital_clock/ps_digital_clock.runs/synth_1/.Xil/Vivado-17400-DESKTOP-I4IGBI9/dcp11/system_auto_pc_0_in_context.xdc] for cell 'system_i/ps7_0_axi_periph/s00_couplers/auto_pc'
Finished Parsing XDC File [C:/2014104101/ps_digital_clock/ps_digital_clock.runs/synth_1/.Xil/Vivado-17400-DESKTOP-I4IGBI9/dcp11/system_auto_pc_0_in_context.xdc] for cell 'system_i/ps7_0_axi_periph/s00_couplers/auto_pc'
Parsing XDC File [C:/2014104101/ps_digital_clock/ps_digital_clock.srcs/constrs_1/imports/digital_clock_files2/top.xdc]
Finished Parsing XDC File [C:/2014104101/ps_digital_clock/ps_digital_clock.srcs/constrs_1/imports/digital_clock_files2/top.xdc]
INFO: [Project 1-236] Implementation specific constraints were found while reading constraint file [C:/2014104101/ps_digital_clock/ps_digital_clock.srcs/constrs_1/imports/digital_clock_files2/top.xdc]. These constraints will be ignored for synthesis but will be used in implementation. Impacted constraints are listed in the file [.Xil/system_wrapper_propImpl.xdc].
Resolution: To avoid this warning, move constraints listed in [.Xil/system_wrapper_propImpl.xdc] to another XDC file and exclude this new file from synthesis with the used_in_synthesis property (File Properties dialog in GUI) and re-run elaboration/synthesis.
Parsing XDC File [C:/2014104101/ps_digital_clock/ps_digital_clock.runs/synth_1/dont_touch.xdc]
Finished Parsing XDC File [C:/2014104101/ps_digital_clock/ps_digital_clock.runs/synth_1/dont_touch.xdc]
Completed Processing XDC Constraints

INFO: [Project 1-111] Unisim Transformation Summary:
No Unisim elements were transformed.

Constraint Validation Runtime : Time (s): cpu = 00:00:00 ; elapsed = 00:00:00.036 . Memory (MB): peak = 734.109 ; gain = 0.000
---------------------------------------------------------------------------------
Finished Constraint Validation : Time (s): cpu = 00:00:31 ; elapsed = 00:00:34 . Memory (MB): peak = 734.109 ; gain = 454.875
---------------------------------------------------------------------------------
---------------------------------------------------------------------------------
Start Loading Part and Timing Information
---------------------------------------------------------------------------------
Loading part: xc7z020clg484-1
---------------------------------------------------------------------------------
Finished Loading Part and Timing Information : Time (s): cpu = 00:00:31 ; elapsed = 00:00:34 . Memory (MB): peak = 734.109 ; gain = 454.875
---------------------------------------------------------------------------------
---------------------------------------------------------------------------------
Start Applying 'set_property' XDC Constraints
---------------------------------------------------------------------------------
Applied set_property IO_BUFFER_TYPE = NONE for FIXED_IO_mio[0]. (constraint file  C:/2014104101/ps_digital_clock/ps_digital_clock.runs/synth_1/.Xil/Vivado-17400-DESKTOP-I4IGBI9/dcp6/system_processing_system7_0_0_in_context.xdc, line 2).
Applied set_property CLOCK_BUFFER_TYPE = NONE for FIXED_IO_mio[0]. (constraint file  C:/2014104101/ps_digital_clock/ps_digital_clock.runs/synth_1/.Xil/Vivado-17400-DESKTOP-I4IGBI9/dcp6/system_processing_system7_0_0_in_context.xdc, line 3).
Applied set_property IO_BUFFER_TYPE = NONE for FIXED_IO_mio[10]. (constraint file  C:/2014104101/ps_digital_clock/ps_digital_clock.runs/synth_1/.Xil/Vivado-17400-DESKTOP-I4IGBI9/dcp6/system_processing_system7_0_0_in_context.xdc, line 4).
Applied set_property CLOCK_BUFFER_TYPE = NONE for FIXED_IO_mio[10]. (constraint file  C:/2014104101/ps_digital_clock/ps_digital_clock.runs/synth_1/.Xil/Vivado-17400-DESKTOP-I4IGBI9/dcp6/system_processing_system7_0_0_in_context.xdc, line 5).
Applied set_property IO_BUFFER_TYPE = NONE for FIXED_IO_mio[11]. (constraint file  C:/2014104101/ps_digital_clock/ps_digital_clock.runs/synth_1/.Xil/Vivado-17400-DESKTOP-I4IGBI9/dcp6/system_processing_system7_0_0_in_context.xdc, line 6).
Applied set_property CLOCK_BUFFER_TYPE = NONE for FIXED_IO_mio[11]. (constraint file  C:/2014104101/ps_digital_clock/ps_digital_clock.runs/synth_1/.Xil/Vivado-17400-DESKTOP-I4IGBI9/dcp6/system_processing_system7_0_0_in_context.xdc, line 7).
Applied set_property IO_BUFFER_TYPE = NONE for FIXED_IO_mio[12]. (constraint file  C:/2014104101/ps_digital_clock/ps_digital_clock.runs/synth_1/.Xil/Vivado-17400-DESKTOP-I4IGBI9/dcp6/system_processing_system7_0_0_in_context.xdc, line 8).
Applied set_property CLOCK_BUFFER_TYPE = NONE for FIXED_IO_mio[12]. (constraint file  C:/2014104101/ps_digital_clock/ps_digital_clock.runs/synth_1/.Xil/Vivado-17400-DESKTOP-I4IGBI9/dcp6/system_processing_system7_0_0_in_context.xdc, line 9).
Applied set_property IO_BUFFER_TYPE = NONE for FIXED_IO_mio[13]. (constraint file  C:/2014104101/ps_digital_clock/ps_digital_clock.runs/synth_1/.Xil/Vivado-17400-DESKTOP-I4IGBI9/dcp6/system_processing_system7_0_0_in_context.xdc, line 10).
Applied set_property CLOCK_BUFFER_TYPE = NONE for FIXED_IO_mio[13]. (constraint file  C:/2014104101/ps_digital_clock/ps_digital_clock.runs/synth_1/.Xil/Vivado-17400-DESKTOP-I4IGBI9/dcp6/system_processing_system7_0_0_in_context.xdc, line 11).
Applied set_property IO_BUFFER_TYPE = NONE for FIXED_IO_mio[14]. (constraint file  C:/2014104101/ps_digital_clock/ps_digital_clock.runs/synth_1/.Xil/Vivado-17400-DESKTOP-I4IGBI9/dcp6/system_processing_system7_0_0_in_context.xdc, line 12).
Applied set_property CLOCK_BUFFER_TYPE = NONE for FIXED_IO_mio[14]. (constraint file  C:/2014104101/ps_digital_clock/ps_digital_clock.runs/synth_1/.Xil/Vivado-17400-DESKTOP-I4IGBI9/dcp6/system_processing_system7_0_0_in_context.xdc, line 13).
Applied set_property IO_BUFFER_TYPE = NONE for FIXED_IO_mio[15]. (constraint file  C:/2014104101/ps_digital_clock/ps_digital_clock.runs/synth_1/.Xil/Vivado-17400-DESKTOP-I4IGBI9/dcp6/system_processing_system7_0_0_in_context.xdc, line 14).
Applied set_property CLOCK_BUFFER_TYPE = NONE for FIXED_IO_mio[15]. (constraint file  C:/2014104101/ps_digital_clock/ps_digital_clock.runs/synth_1/.Xil/Vivado-17400-DESKTOP-I4IGBI9/dcp6/system_processing_system7_0_0_in_context.xdc, line 15).
Applied set_property IO_BUFFER_TYPE = NONE for FIXED_IO_mio[16]. (constraint file  C:/2014104101/ps_digital_clock/ps_digital_clock.runs/synth_1/.Xil/Vivado-17400-DESKTOP-I4IGBI9/dcp6/system_processing_system7_0_0_in_context.xdc, line 16).
Applied set_property CLOCK_BUFFER_TYPE = NONE for FIXED_IO_mio[16]. (constraint file  C:/2014104101/ps_digital_clock/ps_digital_clock.runs/synth_1/.Xil/Vivado-17400-DESKTOP-I4IGBI9/dcp6/system_processing_system7_0_0_in_context.xdc, line 17).
Applied set_property IO_BUFFER_TYPE = NONE for FIXED_IO_mio[17]. (constraint file  C:/2014104101/ps_digital_clock/ps_digital_clock.runs/synth_1/.Xil/Vivado-17400-DESKTOP-I4IGBI9/dcp6/system_processing_system7_0_0_in_context.xdc, line 18).
Applied set_property CLOCK_BUFFER_TYPE = NONE for FIXED_IO_mio[17]. (constraint file  C:/2014104101/ps_digital_clock/ps_digital_clock.runs/synth_1/.Xil/Vivado-17400-DESKTOP-I4IGBI9/dcp6/system_processing_system7_0_0_in_context.xdc, line 19).
Applied set_property IO_BUFFER_TYPE = NONE for FIXED_IO_mio[18]. (constraint file  C:/2014104101/ps_digital_clock/ps_digital_clock.runs/synth_1/.Xil/Vivado-17400-DESKTOP-I4IGBI9/dcp6/system_processing_system7_0_0_in_context.xdc, line 20).
Applied set_property CLOCK_BUFFER_TYPE = NONE for FIXED_IO_mio[18]. (constraint file  C:/2014104101/ps_digital_clock/ps_digital_clock.runs/synth_1/.Xil/Vivado-17400-DESKTOP-I4IGBI9/dcp6/system_processing_system7_0_0_in_context.xdc, line 21).
Applied set_property IO_BUFFER_TYPE = NONE for FIXED_IO_mio[19]. (constraint file  C:/2014104101/ps_digital_clock/ps_digital_clock.runs/synth_1/.Xil/Vivado-17400-DESKTOP-I4IGBI9/dcp6/system_processing_system7_0_0_in_context.xdc, line 22).
Applied set_property CLOCK_BUFFER_TYPE = NONE for FIXED_IO_mio[19]. (constraint file  C:/2014104101/ps_digital_clock/ps_digital_clock.runs/synth_1/.Xil/Vivado-17400-DESKTOP-I4IGBI9/dcp6/system_processing_system7_0_0_in_context.xdc, line 23).
Applied set_property IO_BUFFER_TYPE = NONE for FIXED_IO_mio[1]. (constraint file  C:/2014104101/ps_digital_clock/ps_digital_clock.runs/synth_1/.Xil/Vivado-17400-DESKTOP-I4IGBI9/dcp6/system_processing_system7_0_0_in_context.xdc, line 24).
Applied set_property CLOCK_BUFFER_TYPE = NONE for FIXED_IO_mio[1]. (constraint file  C:/2014104101/ps_digital_clock/ps_digital_clock.runs/synth_1/.Xil/Vivado-17400-DESKTOP-I4IGBI9/dcp6/system_processing_system7_0_0_in_context.xdc, line 25).
Applied set_property IO_BUFFER_TYPE = NONE for FIXED_IO_mio[20]. (constraint file  C:/2014104101/ps_digital_clock/ps_digital_clock.runs/synth_1/.Xil/Vivado-17400-DESKTOP-I4IGBI9/dcp6/system_processing_system7_0_0_in_context.xdc, line 26).
Applied set_property CLOCK_BUFFER_TYPE = NONE for FIXED_IO_mio[20]. (constraint file  C:/2014104101/ps_digital_clock/ps_digital_clock.runs/synth_1/.Xil/Vivado-17400-DESKTOP-I4IGBI9/dcp6/system_processing_system7_0_0_in_context.xdc, line 27).
Applied set_property IO_BUFFER_TYPE = NONE for FIXED_IO_mio[21]. (constraint file  C:/2014104101/ps_digital_clock/ps_digital_clock.runs/synth_1/.Xil/Vivado-17400-DESKTOP-I4IGBI9/dcp6/system_processing_system7_0_0_in_context.xdc, line 28).
Applied set_property CLOCK_BUFFER_TYPE = NONE for FIXED_IO_mio[21]. (constraint file  C:/2014104101/ps_digital_clock/ps_digital_clock.runs/synth_1/.Xil/Vivado-17400-DESKTOP-I4IGBI9/dcp6/system_processing_system7_0_0_in_context.xdc, line 29).
Applied set_property IO_BUFFER_TYPE = NONE for FIXED_IO_mio[22]. (constraint file  C:/2014104101/ps_digital_clock/ps_digital_clock.runs/synth_1/.Xil/Vivado-17400-DESKTOP-I4IGBI9/dcp6/system_processing_system7_0_0_in_context.xdc, line 30).
Applied set_property CLOCK_BUFFER_TYPE = NONE for FIXED_IO_mio[22]. (constraint file  C:/2014104101/ps_digital_clock/ps_digital_clock.runs/synth_1/.Xil/Vivado-17400-DESKTOP-I4IGBI9/dcp6/system_processing_system7_0_0_in_context.xdc, line 31).
Applied set_property IO_BUFFER_TYPE = NONE for FIXED_IO_mio[23]. (constraint file  C:/2014104101/ps_digital_clock/ps_digital_clock.runs/synth_1/.Xil/Vivado-17400-DESKTOP-I4IGBI9/dcp6/system_processing_system7_0_0_in_context.xdc, line 32).
Applied set_property CLOCK_BUFFER_TYPE = NONE for FIXED_IO_mio[23]. (constraint file  C:/2014104101/ps_digital_clock/ps_digital_clock.runs/synth_1/.Xil/Vivado-17400-DESKTOP-I4IGBI9/dcp6/system_processing_system7_0_0_in_context.xdc, line 33).
Applied set_property IO_BUFFER_TYPE = NONE for FIXED_IO_mio[24]. (constraint file  C:/2014104101/ps_digital_clock/ps_digital_clock.runs/synth_1/.Xil/Vivado-17400-DESKTOP-I4IGBI9/dcp6/system_processing_system7_0_0_in_context.xdc, line 34).
Applied set_property CLOCK_BUFFER_TYPE = NONE for FIXED_IO_mio[24]. (constraint file  C:/2014104101/ps_digital_clock/ps_digital_clock.runs/synth_1/.Xil/Vivado-17400-DESKTOP-I4IGBI9/dcp6/system_processing_system7_0_0_in_context.xdc, line 35).
Applied set_property IO_BUFFER_TYPE = NONE for FIXED_IO_mio[25]. (constraint file  C:/2014104101/ps_digital_clock/ps_digital_clock.runs/synth_1/.Xil/Vivado-17400-DESKTOP-I4IGBI9/dcp6/system_processing_system7_0_0_in_context.xdc, line 36).
Applied set_property CLOCK_BUFFER_TYPE = NONE for FIXED_IO_mio[25]. (constraint file  C:/2014104101/ps_digital_clock/ps_digital_clock.runs/synth_1/.Xil/Vivado-17400-DESKTOP-I4IGBI9/dcp6/system_processing_system7_0_0_in_context.xdc, line 37).
Applied set_property IO_BUFFER_TYPE = NONE for FIXED_IO_mio[26]. (constraint file  C:/2014104101/ps_digital_clock/ps_digital_clock.runs/synth_1/.Xil/Vivado-17400-DESKTOP-I4IGBI9/dcp6/system_processing_system7_0_0_in_context.xdc, line 38).
Applied set_property CLOCK_BUFFER_TYPE = NONE for FIXED_IO_mio[26]. (constraint file  C:/2014104101/ps_digital_clock/ps_digital_clock.runs/synth_1/.Xil/Vivado-17400-DESKTOP-I4IGBI9/dcp6/system_processing_system7_0_0_in_context.xdc, line 39).
Applied set_property IO_BUFFER_TYPE = NONE for FIXED_IO_mio[27]. (constraint file  C:/2014104101/ps_digital_clock/ps_digital_clock.runs/synth_1/.Xil/Vivado-17400-DESKTOP-I4IGBI9/dcp6/system_processing_system7_0_0_in_context.xdc, line 40).
Applied set_property CLOCK_BUFFER_TYPE = NONE for FIXED_IO_mio[27]. (constraint file  C:/2014104101/ps_digital_clock/ps_digital_clock.runs/synth_1/.Xil/Vivado-17400-DESKTOP-I4IGBI9/dcp6/system_processing_system7_0_0_in_context.xdc, line 41).
Applied set_property IO_BUFFER_TYPE = NONE for FIXED_IO_mio[28]. (constraint file  C:/2014104101/ps_digital_clock/ps_digital_clock.runs/synth_1/.Xil/Vivado-17400-DESKTOP-I4IGBI9/dcp6/system_processing_system7_0_0_in_context.xdc, line 42).
Applied set_property CLOCK_BUFFER_TYPE = NONE for FIXED_IO_mio[28]. (constraint file  C:/2014104101/ps_digital_clock/ps_digital_clock.runs/synth_1/.Xil/Vivado-17400-DESKTOP-I4IGBI9/dcp6/system_processing_system7_0_0_in_context.xdc, line 43).
Applied set_property IO_BUFFER_TYPE = NONE for FIXED_IO_mio[29]. (constraint file  C:/2014104101/ps_digital_clock/ps_digital_clock.runs/synth_1/.Xil/Vivado-17400-DESKTOP-I4IGBI9/dcp6/system_processing_system7_0_0_in_context.xdc, line 44).
Applied set_property CLOCK_BUFFER_TYPE = NONE for FIXED_IO_mio[29]. (constraint file  C:/2014104101/ps_digital_clock/ps_digital_clock.runs/synth_1/.Xil/Vivado-17400-DESKTOP-I4IGBI9/dcp6/system_processing_system7_0_0_in_context.xdc, line 45).
Applied set_property IO_BUFFER_TYPE = NONE for FIXED_IO_mio[2]. (constraint file  C:/2014104101/ps_digital_clock/ps_digital_clock.runs/synth_1/.Xil/Vivado-17400-DESKTOP-I4IGBI9/dcp6/system_processing_system7_0_0_in_context.xdc, line 46).
Applied set_property CLOCK_BUFFER_TYPE = NONE for FIXED_IO_mio[2]. (constraint file  C:/2014104101/ps_digital_clock/ps_digital_clock.runs/synth_1/.Xil/Vivado-17400-DESKTOP-I4IGBI9/dcp6/system_processing_system7_0_0_in_context.xdc, line 47).
Applied set_property IO_BUFFER_TYPE = NONE for FIXED_IO_mio[30]. (constraint file  C:/2014104101/ps_digital_clock/ps_digital_clock.runs/synth_1/.Xil/Vivado-17400-DESKTOP-I4IGBI9/dcp6/system_processing_system7_0_0_in_context.xdc, line 48).
Applied set_property CLOCK_BUFFER_TYPE = NONE for FIXED_IO_mio[30]. (constraint file  C:/2014104101/ps_digital_clock/ps_digital_clock.runs/synth_1/.Xil/Vivado-17400-DESKTOP-I4IGBI9/dcp6/system_processing_system7_0_0_in_context.xdc, line 49).
Applied set_property IO_BUFFER_TYPE = NONE for FIXED_IO_mio[31]. (constraint file  C:/2014104101/ps_digital_clock/ps_digital_clock.runs/synth_1/.Xil/Vivado-17400-DESKTOP-I4IGBI9/dcp6/system_processing_system7_0_0_in_context.xdc, line 50).
Applied set_property CLOCK_BUFFER_TYPE = NONE for FIXED_IO_mio[31]. (constraint file  C:/2014104101/ps_digital_clock/ps_digital_clock.runs/synth_1/.Xil/Vivado-17400-DESKTOP-I4IGBI9/dcp6/system_processing_system7_0_0_in_context.xdc, line 51).
Applied set_property IO_BUFFER_TYPE = NONE for FIXED_IO_mio[32]. (constraint file  C:/2014104101/ps_digital_clock/ps_digital_clock.runs/synth_1/.Xil/Vivado-17400-DESKTOP-I4IGBI9/dcp6/system_processing_system7_0_0_in_context.xdc, line 52).
Applied set_property CLOCK_BUFFER_TYPE = NONE for FIXED_IO_mio[32]. (constraint file  C:/2014104101/ps_digital_clock/ps_digital_clock.runs/synth_1/.Xil/Vivado-17400-DESKTOP-I4IGBI9/dcp6/system_processing_system7_0_0_in_context.xdc, line 53).
Applied set_property IO_BUFFER_TYPE = NONE for FIXED_IO_mio[33]. (constraint file  C:/2014104101/ps_digital_clock/ps_digital_clock.runs/synth_1/.Xil/Vivado-17400-DESKTOP-I4IGBI9/dcp6/system_processing_system7_0_0_in_context.xdc, line 54).
Applied set_property CLOCK_BUFFER_TYPE = NONE for FIXED_IO_mio[33]. (constraint file  C:/2014104101/ps_digital_clock/ps_digital_clock.runs/synth_1/.Xil/Vivado-17400-DESKTOP-I4IGBI9/dcp6/system_processing_system7_0_0_in_context.xdc, line 55).
Applied set_property IO_BUFFER_TYPE = NONE for FIXED_IO_mio[34]. (constraint file  C:/2014104101/ps_digital_clock/ps_digital_clock.runs/synth_1/.Xil/Vivado-17400-DESKTOP-I4IGBI9/dcp6/system_processing_system7_0_0_in_context.xdc, line 56).
Applied set_property CLOCK_BUFFER_TYPE = NONE for FIXED_IO_mio[34]. (constraint file  C:/2014104101/ps_digital_clock/ps_digital_clock.runs/synth_1/.Xil/Vivado-17400-DESKTOP-I4IGBI9/dcp6/system_processing_system7_0_0_in_context.xdc, line 57).
Applied set_property IO_BUFFER_TYPE = NONE for FIXED_IO_mio[35]. (constraint file  C:/2014104101/ps_digital_clock/ps_digital_clock.runs/synth_1/.Xil/Vivado-17400-DESKTOP-I4IGBI9/dcp6/system_processing_system7_0_0_in_context.xdc, line 58).
Applied set_property CLOCK_BUFFER_TYPE = NONE for FIXED_IO_mio[35]. (constraint file  C:/2014104101/ps_digital_clock/ps_digital_clock.runs/synth_1/.Xil/Vivado-17400-DESKTOP-I4IGBI9/dcp6/system_processing_system7_0_0_in_context.xdc, line 59).
Applied set_property IO_BUFFER_TYPE = NONE for FIXED_IO_mio[36]. (constraint file  C:/2014104101/ps_digital_clock/ps_digital_clock.runs/synth_1/.Xil/Vivado-17400-DESKTOP-I4IGBI9/dcp6/system_processing_system7_0_0_in_context.xdc, line 60).
Applied set_property CLOCK_BUFFER_TYPE = NONE for FIXED_IO_mio[36]. (constraint file  C:/2014104101/ps_digital_clock/ps_digital_clock.runs/synth_1/.Xil/Vivado-17400-DESKTOP-I4IGBI9/dcp6/system_processing_system7_0_0_in_context.xdc, line 61).
Applied set_property IO_BUFFER_TYPE = NONE for FIXED_IO_mio[37]. (constraint file  C:/2014104101/ps_digital_clock/ps_digital_clock.runs/synth_1/.Xil/Vivado-17400-DESKTOP-I4IGBI9/dcp6/system_processing_system7_0_0_in_context.xdc, line 62).
Applied set_property CLOCK_BUFFER_TYPE = NONE for FIXED_IO_mio[37]. (constraint file  C:/2014104101/ps_digital_clock/ps_digital_clock.runs/synth_1/.Xil/Vivado-17400-DESKTOP-I4IGBI9/dcp6/system_processing_system7_0_0_in_context.xdc, line 63).
Applied set_property IO_BUFFER_TYPE = NONE for FIXED_IO_mio[38]. (constraint file  C:/2014104101/ps_digital_clock/ps_digital_clock.runs/synth_1/.Xil/Vivado-17400-DESKTOP-I4IGBI9/dcp6/system_processing_system7_0_0_in_context.xdc, line 64).
Applied set_property CLOCK_BUFFER_TYPE = NONE for FIXED_IO_mio[38]. (constraint file  C:/2014104101/ps_digital_clock/ps_digital_clock.runs/synth_1/.Xil/Vivado-17400-DESKTOP-I4IGBI9/dcp6/system_processing_system7_0_0_in_context.xdc, line 65).
Applied set_property IO_BUFFER_TYPE = NONE for FIXED_IO_mio[39]. (constraint file  C:/2014104101/ps_digital_clock/ps_digital_clock.runs/synth_1/.Xil/Vivado-17400-DESKTOP-I4IGBI9/dcp6/system_processing_system7_0_0_in_context.xdc, line 66).
Applied set_property CLOCK_BUFFER_TYPE = NONE for FIXED_IO_mio[39]. (constraint file  C:/2014104101/ps_digital_clock/ps_digital_clock.runs/synth_1/.Xil/Vivado-17400-DESKTOP-I4IGBI9/dcp6/system_processing_system7_0_0_in_context.xdc, line 67).
Applied set_property IO_BUFFER_TYPE = NONE for FIXED_IO_mio[3]. (constraint file  C:/2014104101/ps_digital_clock/ps_digital_clock.runs/synth_1/.Xil/Vivado-17400-DESKTOP-I4IGBI9/dcp6/system_processing_system7_0_0_in_context.xdc, line 68).
Applied set_property CLOCK_BUFFER_TYPE = NONE for FIXED_IO_mio[3]. (constraint file  C:/2014104101/ps_digital_clock/ps_digital_clock.runs/synth_1/.Xil/Vivado-17400-DESKTOP-I4IGBI9/dcp6/system_processing_system7_0_0_in_context.xdc, line 69).
Applied set_property IO_BUFFER_TYPE = NONE for FIXED_IO_mio[40]. (constraint file  C:/2014104101/ps_digital_clock/ps_digital_clock.runs/synth_1/.Xil/Vivado-17400-DESKTOP-I4IGBI9/dcp6/system_processing_system7_0_0_in_context.xdc, line 70).
Applied set_property CLOCK_BUFFER_TYPE = NONE for FIXED_IO_mio[40]. (constraint file  C:/2014104101/ps_digital_clock/ps_digital_clock.runs/synth_1/.Xil/Vivado-17400-DESKTOP-I4IGBI9/dcp6/system_processing_system7_0_0_in_context.xdc, line 71).
Applied set_property IO_BUFFER_TYPE = NONE for FIXED_IO_mio[41]. (constraint file  C:/2014104101/ps_digital_clock/ps_digital_clock.runs/synth_1/.Xil/Vivado-17400-DESKTOP-I4IGBI9/dcp6/system_processing_system7_0_0_in_context.xdc, line 72).
Applied set_property CLOCK_BUFFER_TYPE = NONE for FIXED_IO_mio[41]. (constraint file  C:/2014104101/ps_digital_clock/ps_digital_clock.runs/synth_1/.Xil/Vivado-17400-DESKTOP-I4IGBI9/dcp6/system_processing_system7_0_0_in_context.xdc, line 73).
Applied set_property IO_BUFFER_TYPE = NONE for FIXED_IO_mio[42]. (constraint file  C:/2014104101/ps_digital_clock/ps_digital_clock.runs/synth_1/.Xil/Vivado-17400-DESKTOP-I4IGBI9/dcp6/system_processing_system7_0_0_in_context.xdc, line 74).
Applied set_property CLOCK_BUFFER_TYPE = NONE for FIXED_IO_mio[42]. (constraint file  C:/2014104101/ps_digital_clock/ps_digital_clock.runs/synth_1/.Xil/Vivado-17400-DESKTOP-I4IGBI9/dcp6/system_processing_system7_0_0_in_context.xdc, line 75).
Applied set_property IO_BUFFER_TYPE = NONE for FIXED_IO_mio[43]. (constraint file  C:/2014104101/ps_digital_clock/ps_digital_clock.runs/synth_1/.Xil/Vivado-17400-DESKTOP-I4IGBI9/dcp6/system_processing_system7_0_0_in_context.xdc, line 76).
Applied set_property CLOCK_BUFFER_TYPE = NONE for FIXED_IO_mio[43]. (constraint file  C:/2014104101/ps_digital_clock/ps_digital_clock.runs/synth_1/.Xil/Vivado-17400-DESKTOP-I4IGBI9/dcp6/system_processing_system7_0_0_in_context.xdc, line 77).
Applied set_property IO_BUFFER_TYPE = NONE for FIXED_IO_mio[44]. (constraint file  C:/2014104101/ps_digital_clock/ps_digital_clock.runs/synth_1/.Xil/Vivado-17400-DESKTOP-I4IGBI9/dcp6/system_processing_system7_0_0_in_context.xdc, line 78).
Applied set_property CLOCK_BUFFER_TYPE = NONE for FIXED_IO_mio[44]. (constraint file  C:/2014104101/ps_digital_clock/ps_digital_clock.runs/synth_1/.Xil/Vivado-17400-DESKTOP-I4IGBI9/dcp6/system_processing_system7_0_0_in_context.xdc, line 79).
Applied set_property IO_BUFFER_TYPE = NONE for FIXED_IO_mio[45]. (constraint file  C:/2014104101/ps_digital_clock/ps_digital_clock.runs/synth_1/.Xil/Vivado-17400-DESKTOP-I4IGBI9/dcp6/system_processing_system7_0_0_in_context.xdc, line 80).
Applied set_property CLOCK_BUFFER_TYPE = NONE for FIXED_IO_mio[45]. (constraint file  C:/2014104101/ps_digital_clock/ps_digital_clock.runs/synth_1/.Xil/Vivado-17400-DESKTOP-I4IGBI9/dcp6/system_processing_system7_0_0_in_context.xdc, line 81).
Applied set_property IO_BUFFER_TYPE = NONE for FIXED_IO_mio[46]. (constraint file  C:/2014104101/ps_digital_clock/ps_digital_clock.runs/synth_1/.Xil/Vivado-17400-DESKTOP-I4IGBI9/dcp6/system_processing_system7_0_0_in_context.xdc, line 82).
Applied set_property CLOCK_BUFFER_TYPE = NONE for FIXED_IO_mio[46]. (constraint file  C:/2014104101/ps_digital_clock/ps_digital_clock.runs/synth_1/.Xil/Vivado-17400-DESKTOP-I4IGBI9/dcp6/system_processing_system7_0_0_in_context.xdc, line 83).
Applied set_property IO_BUFFER_TYPE = NONE for FIXED_IO_mio[47]. (constraint file  C:/2014104101/ps_digital_clock/ps_digital_clock.runs/synth_1/.Xil/Vivado-17400-DESKTOP-I4IGBI9/dcp6/system_processing_system7_0_0_in_context.xdc, line 84).
Applied set_property CLOCK_BUFFER_TYPE = NONE for FIXED_IO_mio[47]. (constraint file  C:/2014104101/ps_digital_clock/ps_digital_clock.runs/synth_1/.Xil/Vivado-17400-DESKTOP-I4IGBI9/dcp6/system_processing_system7_0_0_in_context.xdc, line 85).
Applied set_property IO_BUFFER_TYPE = NONE for FIXED_IO_mio[48]. (constraint file  C:/2014104101/ps_digital_clock/ps_digital_clock.runs/synth_1/.Xil/Vivado-17400-DESKTOP-I4IGBI9/dcp6/system_processing_system7_0_0_in_context.xdc, line 86).
Applied set_property CLOCK_BUFFER_TYPE = NONE for FIXED_IO_mio[48]. (constraint file  C:/2014104101/ps_digital_clock/ps_digital_clock.runs/synth_1/.Xil/Vivado-17400-DESKTOP-I4IGBI9/dcp6/system_processing_system7_0_0_in_context.xdc, line 87).
Applied set_property IO_BUFFER_TYPE = NONE for FIXED_IO_mio[49]. (constraint file  C:/2014104101/ps_digital_clock/ps_digital_clock.runs/synth_1/.Xil/Vivado-17400-DESKTOP-I4IGBI9/dcp6/system_processing_system7_0_0_in_context.xdc, line 88).
Applied set_property CLOCK_BUFFER_TYPE = NONE for FIXED_IO_mio[49]. (constraint file  C:/2014104101/ps_digital_clock/ps_digital_clock.runs/synth_1/.Xil/Vivado-17400-DESKTOP-I4IGBI9/dcp6/system_processing_system7_0_0_in_context.xdc, line 89).
Applied set_property IO_BUFFER_TYPE = NONE for FIXED_IO_mio[4]. (constraint file  C:/2014104101/ps_digital_clock/ps_digital_clock.runs/synth_1/.Xil/Vivado-17400-DESKTOP-I4IGBI9/dcp6/system_processing_system7_0_0_in_context.xdc, line 90).
Applied set_property CLOCK_BUFFER_TYPE = NONE for FIXED_IO_mio[4]. (constraint file  C:/2014104101/ps_digital_clock/ps_digital_clock.runs/synth_1/.Xil/Vivado-17400-DESKTOP-I4IGBI9/dcp6/system_processing_system7_0_0_in_context.xdc, line 91).
Applied set_property IO_BUFFER_TYPE = NONE for FIXED_IO_mio[50]. (constraint file  C:/2014104101/ps_digital_clock/ps_digital_clock.runs/synth_1/.Xil/Vivado-17400-DESKTOP-I4IGBI9/dcp6/system_processing_system7_0_0_in_context.xdc, line 92).
Applied set_property CLOCK_BUFFER_TYPE = NONE for FIXED_IO_mio[50]. (constraint file  C:/2014104101/ps_digital_clock/ps_digital_clock.runs/synth_1/.Xil/Vivado-17400-DESKTOP-I4IGBI9/dcp6/system_processing_system7_0_0_in_context.xdc, line 93).
Applied set_property IO_BUFFER_TYPE = NONE for FIXED_IO_mio[51]. (constraint file  C:/2014104101/ps_digital_clock/ps_digital_clock.runs/synth_1/.Xil/Vivado-17400-DESKTOP-I4IGBI9/dcp6/system_processing_system7_0_0_in_context.xdc, line 94).
Applied set_property CLOCK_BUFFER_TYPE = NONE for FIXED_IO_mio[51]. (constraint file  C:/2014104101/ps_digital_clock/ps_digital_clock.runs/synth_1/.Xil/Vivado-17400-DESKTOP-I4IGBI9/dcp6/system_processing_system7_0_0_in_context.xdc, line 95).
Applied set_property IO_BUFFER_TYPE = NONE for FIXED_IO_mio[52]. (constraint file  C:/2014104101/ps_digital_clock/ps_digital_clock.runs/synth_1/.Xil/Vivado-17400-DESKTOP-I4IGBI9/dcp6/system_processing_system7_0_0_in_context.xdc, line 96).
Applied set_property CLOCK_BUFFER_TYPE = NONE for FIXED_IO_mio[52]. (constraint file  C:/2014104101/ps_digital_clock/ps_digital_clock.runs/synth_1/.Xil/Vivado-17400-DESKTOP-I4IGBI9/dcp6/system_processing_system7_0_0_in_context.xdc, line 97).
Applied set_property IO_BUFFER_TYPE = NONE for FIXED_IO_mio[53]. (constraint file  C:/2014104101/ps_digital_clock/ps_digital_clock.runs/synth_1/.Xil/Vivado-17400-DESKTOP-I4IGBI9/dcp6/system_processing_system7_0_0_in_context.xdc, line 98).
Applied set_property CLOCK_BUFFER_TYPE = NONE for FIXED_IO_mio[53]. (constraint file  C:/2014104101/ps_digital_clock/ps_digital_clock.runs/synth_1/.Xil/Vivado-17400-DESKTOP-I4IGBI9/dcp6/system_processing_system7_0_0_in_context.xdc, line 99).
Applied set_property IO_BUFFER_TYPE = NONE for FIXED_IO_mio[5]. (constraint file  C:/2014104101/ps_digital_clock/ps_digital_clock.runs/synth_1/.Xil/Vivado-17400-DESKTOP-I4IGBI9/dcp6/system_processing_system7_0_0_in_context.xdc, line 100).
Applied set_property CLOCK_BUFFER_TYPE = NONE for FIXED_IO_mio[5]. (constraint file  C:/2014104101/ps_digital_clock/ps_digital_clock.runs/synth_1/.Xil/Vivado-17400-DESKTOP-I4IGBI9/dcp6/system_processing_system7_0_0_in_context.xdc, line 101).
Applied set_property IO_BUFFER_TYPE = NONE for FIXED_IO_mio[6]. (constraint file  C:/2014104101/ps_digital_clock/ps_digital_clock.runs/synth_1/.Xil/Vivado-17400-DESKTOP-I4IGBI9/dcp6/system_processing_system7_0_0_in_context.xdc, line 102).
Applied set_property CLOCK_BUFFER_TYPE = NONE for FIXED_IO_mio[6]. (constraint file  C:/2014104101/ps_digital_clock/ps_digital_clock.runs/synth_1/.Xil/Vivado-17400-DESKTOP-I4IGBI9/dcp6/system_processing_system7_0_0_in_context.xdc, line 103).
Applied set_property IO_BUFFER_TYPE = NONE for FIXED_IO_mio[7]. (constraint file  C:/2014104101/ps_digital_clock/ps_digital_clock.runs/synth_1/.Xil/Vivado-17400-DESKTOP-I4IGBI9/dcp6/system_processing_system7_0_0_in_context.xdc, line 104).
Applied set_property CLOCK_BUFFER_TYPE = NONE for FIXED_IO_mio[7]. (constraint file  C:/2014104101/ps_digital_clock/ps_digital_clock.runs/synth_1/.Xil/Vivado-17400-DESKTOP-I4IGBI9/dcp6/system_processing_system7_0_0_in_context.xdc, line 105).
Applied set_property IO_BUFFER_TYPE = NONE for FIXED_IO_mio[8]. (constraint file  C:/2014104101/ps_digital_clock/ps_digital_clock.runs/synth_1/.Xil/Vivado-17400-DESKTOP-I4IGBI9/dcp6/system_processing_system7_0_0_in_context.xdc, line 106).
Applied set_property CLOCK_BUFFER_TYPE = NONE for FIXED_IO_mio[8]. (constraint file  C:/2014104101/ps_digital_clock/ps_digital_clock.runs/synth_1/.Xil/Vivado-17400-DESKTOP-I4IGBI9/dcp6/system_processing_system7_0_0_in_context.xdc, line 107).
Applied set_property IO_BUFFER_TYPE = NONE for FIXED_IO_mio[9]. (constraint file  C:/2014104101/ps_digital_clock/ps_digital_clock.runs/synth_1/.Xil/Vivado-17400-DESKTOP-I4IGBI9/dcp6/system_processing_system7_0_0_in_context.xdc, line 108).
Applied set_property CLOCK_BUFFER_TYPE = NONE for FIXED_IO_mio[9]. (constraint file  C:/2014104101/ps_digital_clock/ps_digital_clock.runs/synth_1/.Xil/Vivado-17400-DESKTOP-I4IGBI9/dcp6/system_processing_system7_0_0_in_context.xdc, line 109).
Applied set_property IO_BUFFER_TYPE = NONE for FIXED_IO_ps_clk. (constraint file  C:/2014104101/ps_digital_clock/ps_digital_clock.runs/synth_1/.Xil/Vivado-17400-DESKTOP-I4IGBI9/dcp6/system_processing_system7_0_0_in_context.xdc, line 110).
Applied set_property CLOCK_BUFFER_TYPE = NONE for FIXED_IO_ps_clk. (constraint file  C:/2014104101/ps_digital_clock/ps_digital_clock.runs/synth_1/.Xil/Vivado-17400-DESKTOP-I4IGBI9/dcp6/system_processing_system7_0_0_in_context.xdc, line 111).
Applied set_property IO_BUFFER_TYPE = NONE for FIXED_IO_ps_porb. (constraint file  C:/2014104101/ps_digital_clock/ps_digital_clock.runs/synth_1/.Xil/Vivado-17400-DESKTOP-I4IGBI9/dcp6/system_processing_system7_0_0_in_context.xdc, line 112).
Applied set_property CLOCK_BUFFER_TYPE = NONE for FIXED_IO_ps_porb. (constraint file  C:/2014104101/ps_digital_clock/ps_digital_clock.runs/synth_1/.Xil/Vivado-17400-DESKTOP-I4IGBI9/dcp6/system_processing_system7_0_0_in_context.xdc, line 113).
Applied set_property IO_BUFFER_TYPE = NONE for FIXED_IO_ps_srstb. (constraint file  C:/2014104101/ps_digital_clock/ps_digital_clock.runs/synth_1/.Xil/Vivado-17400-DESKTOP-I4IGBI9/dcp6/system_processing_system7_0_0_in_context.xdc, line 114).
Applied set_property CLOCK_BUFFER_TYPE = NONE for FIXED_IO_ps_srstb. (constraint file  C:/2014104101/ps_digital_clock/ps_digital_clock.runs/synth_1/.Xil/Vivado-17400-DESKTOP-I4IGBI9/dcp6/system_processing_system7_0_0_in_context.xdc, line 115).
Applied set_property DONT_TOUCH = true for system_i. (constraint file  auto generated constraint, line ).
Applied set_property DONT_TOUCH = true for system_i/processing_system7_0. (constraint file  auto generated constraint, line ).
Applied set_property DONT_TOUCH = true for system_i/ps7_0_axi_periph. (constraint file  auto generated constraint, line ).
Applied set_property DONT_TOUCH = true for system_i/ps7_0_axi_periph/s00_couplers/auto_pc. (constraint file  auto generated constraint, line ).
Applied set_property DONT_TOUCH = true for system_i/ps7_0_axi_periph/xbar. (constraint file  auto generated constraint, line ).
Applied set_property DONT_TOUCH = true for system_i/rst_ps7_0_50M. (constraint file  auto generated constraint, line ).
Applied set_property DONT_TOUCH = true for system_i/seven_seg_0. (constraint file  auto generated constraint, line ).
Applied set_property DONT_TOUCH = true for system_i/textlcd_0. (constraint file  auto generated constraint, line ).
---------------------------------------------------------------------------------
Finished applying 'set_property' XDC Constraints : Time (s): cpu = 00:00:31 ; elapsed = 00:00:35 . Memory (MB): peak = 734.109 ; gain = 454.875
---------------------------------------------------------------------------------
---------------------------------------------------------------------------------
Finished RTL Optimization Phase 2 : Time (s): cpu = 00:00:31 ; elapsed = 00:00:35 . Memory (MB): peak = 734.109 ; gain = 454.875
---------------------------------------------------------------------------------

Report RTL Partitions: 
+-+--------------+------------+----------+
| |RTL Partition |Replication |Instances |
+-+--------------+------------+----------+
+-+--------------+------------+----------+
---------------------------------------------------------------------------------
Start RTL Component Statistics 
---------------------------------------------------------------------------------
Detailed RTL Component Info : 
---------------------------------------------------------------------------------
Finished RTL Component Statistics 
---------------------------------------------------------------------------------
---------------------------------------------------------------------------------
Start RTL Hierarchical Component Statistics 
---------------------------------------------------------------------------------
Hierarchical RTL Component report 
---------------------------------------------------------------------------------
Finished RTL Hierarchical Component Statistics
---------------------------------------------------------------------------------
---------------------------------------------------------------------------------
Start Part Resource Summary
---------------------------------------------------------------------------------
Part Resources:
DSPs: 220 (col length:60)
BRAMs: 280 (col length: RAMB18 60 RAMB36 30)
---------------------------------------------------------------------------------
Finished Part Resource Summary
---------------------------------------------------------------------------------
---------------------------------------------------------------------------------
Start Cross Boundary and Area Optimization
---------------------------------------------------------------------------------
WARNING: [Synth 8-3331] design system_ps7_0_axi_periph_0 has unconnected port M00_ACLK
WARNING: [Synth 8-3331] design system_ps7_0_axi_periph_0 has unconnected port M00_ARESETN
WARNING: [Synth 8-3331] design system_ps7_0_axi_periph_0 has unconnected port M01_ACLK
WARNING: [Synth 8-3331] design system_ps7_0_axi_periph_0 has unconnected port M01_ARESETN
---------------------------------------------------------------------------------
Finished Cross Boundary and Area Optimization : Time (s): cpu = 00:00:32 ; elapsed = 00:00:36 . Memory (MB): peak = 734.109 ; gain = 454.875
---------------------------------------------------------------------------------

Report RTL Partitions: 
+-+--------------+------------+----------+
| |RTL Partition |Replication |Instances |
+-+--------------+------------+----------+
+-+--------------+------------+----------+
---------------------------------------------------------------------------------
Start Applying XDC Timing Constraints
---------------------------------------------------------------------------------
INFO: [Synth 8-5578] Moved timing constraint from pin 'system_i/processing_system7_0/FCLK_CLK0' to pin 'system_i/processing_system7_0/bbstub_FCLK_CLK0/O'
INFO: [Synth 8-5819] Moved 1 constraints on hierarchical pins to their respective driving/loading pins
---------------------------------------------------------------------------------
Finished Applying XDC Timing Constraints : Time (s): cpu = 00:00:47 ; elapsed = 00:00:51 . Memory (MB): peak = 782.742 ; gain = 503.508
---------------------------------------------------------------------------------
---------------------------------------------------------------------------------
Start Timing Optimization
---------------------------------------------------------------------------------
---------------------------------------------------------------------------------
Finished Timing Optimization : Time (s): cpu = 00:00:47 ; elapsed = 00:00:51 . Memory (MB): peak = 782.816 ; gain = 503.582
---------------------------------------------------------------------------------

Report RTL Partitions: 
+-+--------------+------------+----------+
| |RTL Partition |Replication |Instances |
+-+--------------+------------+----------+
+-+--------------+------------+----------+
---------------------------------------------------------------------------------
Start Technology Mapping
---------------------------------------------------------------------------------
---------------------------------------------------------------------------------
Finished Technology Mapping : Time (s): cpu = 00:00:47 ; elapsed = 00:00:51 . Memory (MB): peak = 792.914 ; gain = 513.680
---------------------------------------------------------------------------------

Report RTL Partitions: 
+-+--------------+------------+----------+
| |RTL Partition |Replication |Instances |
+-+--------------+------------+----------+
+-+--------------+------------+----------+
---------------------------------------------------------------------------------
Start IO Insertion
---------------------------------------------------------------------------------
---------------------------------------------------------------------------------
Start Flattening Before IO Insertion
---------------------------------------------------------------------------------
---------------------------------------------------------------------------------
Finished Flattening Before IO Insertion
---------------------------------------------------------------------------------
---------------------------------------------------------------------------------
Start Final Netlist Cleanup
---------------------------------------------------------------------------------
---------------------------------------------------------------------------------
Finished Final Netlist Cleanup
---------------------------------------------------------------------------------
---------------------------------------------------------------------------------
Finished IO Insertion : Time (s): cpu = 00:00:49 ; elapsed = 00:00:53 . Memory (MB): peak = 792.914 ; gain = 513.680
---------------------------------------------------------------------------------

Report Check Netlist: 
+------+------------------+-------+---------+-------+------------------+
|      |Item              |Errors |Warnings |Status |Description       |
+------+------------------+-------+---------+-------+------------------+
|1     |multi_driven_nets |      0|        0|Passed |Multi driven nets |
+------+------------------+-------+---------+-------+------------------+
---------------------------------------------------------------------------------
Start Renaming Generated Instances
---------------------------------------------------------------------------------
---------------------------------------------------------------------------------
Finished Renaming Generated Instances : Time (s): cpu = 00:00:49 ; elapsed = 00:00:53 . Memory (MB): peak = 792.914 ; gain = 513.680
---------------------------------------------------------------------------------

Report RTL Partitions: 
+-+--------------+------------+----------+
| |RTL Partition |Replication |Instances |
+-+--------------+------------+----------+
+-+--------------+------------+----------+
---------------------------------------------------------------------------------
Start Rebuilding User Hierarchy
---------------------------------------------------------------------------------
---------------------------------------------------------------------------------
Finished Rebuilding User Hierarchy : Time (s): cpu = 00:00:49 ; elapsed = 00:00:53 . Memory (MB): peak = 792.914 ; gain = 513.680
---------------------------------------------------------------------------------
---------------------------------------------------------------------------------
Start Renaming Generated Ports
---------------------------------------------------------------------------------
---------------------------------------------------------------------------------
Finished Renaming Generated Ports : Time (s): cpu = 00:00:49 ; elapsed = 00:00:53 . Memory (MB): peak = 792.914 ; gain = 513.680
---------------------------------------------------------------------------------
---------------------------------------------------------------------------------
Start Handling Custom Attributes
---------------------------------------------------------------------------------
---------------------------------------------------------------------------------
Finished Handling Custom Attributes : Time (s): cpu = 00:00:49 ; elapsed = 00:00:53 . Memory (MB): peak = 792.914 ; gain = 513.680
---------------------------------------------------------------------------------
---------------------------------------------------------------------------------
Start Renaming Generated Nets
---------------------------------------------------------------------------------
---------------------------------------------------------------------------------
Finished Renaming Generated Nets : Time (s): cpu = 00:00:49 ; elapsed = 00:00:53 . Memory (MB): peak = 792.914 ; gain = 513.680
---------------------------------------------------------------------------------
---------------------------------------------------------------------------------
Start Writing Synthesis Report
---------------------------------------------------------------------------------

Report BlackBoxes: 
+------+------------------------------+----------+
|      |BlackBox name                 |Instances |
+------+------------------------------+----------+
|1     |system_xbar_0                 |         1|
|2     |system_auto_pc_0              |         1|
|3     |system_processing_system7_0_0 |         1|
|4     |system_rst_ps7_0_50M_0        |         1|
|5     |system_seven_seg_0_0          |         1|
|6     |system_textlcd_0_0            |         1|
+------+------------------------------+----------+

Report Cell Usage: 
+------+------------------------------+------+
|      |Cell                          |Count |
+------+------------------------------+------+
|1     |system_auto_pc_0              |     1|
|2     |system_processing_system7_0_0 |     1|
|3     |system_rst_ps7_0_50M_0        |     1|
|4     |system_seven_seg_0_0          |     1|
|5     |system_textlcd_0_0            |     1|
|6     |system_xbar_0                 |     1|
|7     |IBUF                          |     2|
|8     |OBUF                          |    27|
+------+------------------------------+------+

Report Instance Areas: 
+------+---------------------+--------------------------+------+
|      |Instance             |Module                    |Cells |
+------+---------------------+--------------------------+------+
|1     |top                  |                          |   771|
|2     |  system_i           |system                    |   742|
|3     |    ps7_0_axi_periph |system_ps7_0_axi_periph_0 |   440|
|4     |      s00_couplers   |s00_couplers_imp_11SE3QO  |   177|
+------+---------------------+--------------------------+------+
---------------------------------------------------------------------------------
Finished Writing Synthesis Report : Time (s): cpu = 00:00:49 ; elapsed = 00:00:53 . Memory (MB): peak = 792.914 ; gain = 513.680
---------------------------------------------------------------------------------
Synthesis finished with 0 errors, 0 critical warnings and 4 warnings.
Synthesis Optimization Runtime : Time (s): cpu = 00:00:27 ; elapsed = 00:00:39 . Memory (MB): peak = 792.914 ; gain = 213.840
Synthesis Optimization Complete : Time (s): cpu = 00:00:49 ; elapsed = 00:00:53 . Memory (MB): peak = 792.914 ; gain = 513.680
INFO: [Project 1-571] Translating synthesized netlist
INFO: [Netlist 29-17] Analyzing 2 Unisim elements for replacement
INFO: [Netlist 29-28] Unisim Transformation completed in 0 CPU seconds
INFO: [Project 1-570] Preparing netlist for logic optimization
INFO: [Opt 31-138] Pushed 0 inverter(s) to 0 load pin(s).
INFO: [Project 1-111] Unisim Transformation Summary:
No Unisim elements were transformed.

INFO: [Common 17-83] Releasing license: Synthesis
41 Infos, 16 Warnings, 0 Critical Warnings and 0 Errors encountered.
synth_design completed successfully
synth_design: Time (s): cpu = 00:00:52 ; elapsed = 00:01:00 . Memory (MB): peak = 804.293 ; gain = 531.977
INFO: [Common 17-1381] The checkpoint 'C:/2014104101/ps_digital_clock/ps_digital_clock.runs/synth_1/system_wrapper.dcp' has been generated.
INFO: [runtcl-4] Executing : report_utilization -file system_wrapper_utilization_synth.rpt -pb system_wrapper_utilization_synth.pb
report_utilization: Time (s): cpu = 00:00:00 ; elapsed = 00:00:00.121 . Memory (MB): peak = 804.699 ; gain = 0.000
INFO: [Common 17-206] Exiting Vivado at Wed May  1 00:06:28 2019...
