Copyright 1986-2017 Xilinx, Inc. All Rights Reserved.
-------------------------------------------------------------------------------------------
| Tool Version : Vivado v.2017.4 (win64) Build 2086221 Fri Dec 15 20:55:39 MST 2017
| Date         : Wed May  1 00:07:57 2019
| Host         : DESKTOP-I4IGBI9 running 64-bit major release  (build 9200)
| Command      : report_control_sets -verbose -file system_wrapper_control_sets_placed.rpt
| Design       : system_wrapper
| Device       : xc7z020
-------------------------------------------------------------------------------------------

Control Set Information

Table of Contents
-----------------
1. Summary
2. Flip-Flop Distribution
3. Detailed Control Set Information

1. Summary
----------

+----------------------------------------------------------+-------+
|                          Status                          | Count |
+----------------------------------------------------------+-------+
| Number of unique control sets                            |    88 |
| Unused register locations in slices containing registers |   106 |
+----------------------------------------------------------+-------+


2. Flip-Flop Distribution
-------------------------

+--------------+-----------------------+------------------------+-----------------+--------------+
| Clock Enable | Synchronous Set/Reset | Asynchronous Set/Reset | Total Registers | Total Slices |
+--------------+-----------------------+------------------------+-----------------+--------------+
| No           | No                    | No                     |             129 |           39 |
| No           | No                    | Yes                    |              27 |           10 |
| No           | Yes                   | No                     |             104 |           33 |
| Yes          | No                    | No                     |             431 |          105 |
| Yes          | No                    | Yes                    |              26 |            8 |
| Yes          | Yes                   | No                     |             489 |          139 |
+--------------+-----------------------+------------------------+-----------------+--------------+


3. Detailed Control Set Information
-----------------------------------

+-----------------------------------------------+--------------------------------------------------------------------------------------------------------------------------------------------------------------+----------------------------------------------------------------------------------------------------------------------------------------+------------------+----------------+
|                  Clock Signal                 |                                                                         Enable Signal                                                                        |                                                            Set/Reset Signal                                                            | Slice Load Count | Bel Load Count |
+-----------------------------------------------+--------------------------------------------------------------------------------------------------------------------------------------------------------------+----------------------------------------------------------------------------------------------------------------------------------------+------------------+----------------+
|  system_i/processing_system7_0/inst/FCLK_CLK0 | system_i/ps7_0_axi_periph/s00_couplers/auto_pc/inst/gen_axilite.gen_b2s_conv.axilite_b2s/WR.b_channel_0/bid_fifo_0/bresp_push                                |                                                                                                                                        |                1 |              2 |
|  system_i/processing_system7_0/inst/FCLK_CLK0 | system_i/ps7_0_axi_periph/s00_couplers/auto_pc/inst/gen_axilite.gen_b2s_conv.axilite_b2s/RD.ar_channel_0/ar_cmd_fsm_0/axlen_cnt_reg[4][0]                    | system_i/ps7_0_axi_periph/s00_couplers/auto_pc/inst/gen_axilite.gen_b2s_conv.axilite_b2s/RD.ar_channel_0/ar_cmd_fsm_0/axlen_cnt_reg[7] |                1 |              4 |
|  system_i/processing_system7_0/inst/FCLK_CLK0 | system_i/ps7_0_axi_periph/s00_couplers/auto_pc/inst/gen_axilite.gen_b2s_conv.axilite_b2s/WR.aw_channel_0/aw_cmd_fsm_0/E[0]                                   | system_i/ps7_0_axi_periph/s00_couplers/auto_pc/inst/gen_axilite.gen_b2s_conv.axilite_b2s/WR.aw_channel_0/aw_cmd_fsm_0/axlen_cnt_reg[7] |                1 |              4 |
|  clk_0_IBUF_BUFG                              | system_i/textlcd_0/inst/textlcd_v1_0_S00_AXI_inst/TL1/lcd_mode[3]_i_1_n_0                                                                                    | system_i/textlcd_0/inst/textlcd_v1_0_S00_AXI_inst/TL1/lcd_en_i_2_n_0                                                                   |                1 |              4 |
|  system_i/processing_system7_0/inst/FCLK_CLK0 |                                                                                                                                                              | system_i/ps7_0_axi_periph/s00_couplers/auto_pc/inst/gen_axilite.gen_b2s_conv.axilite_b2s/SI_REG/ar.ar_pipe/m_valid_i_reg_0             |                3 |              4 |
|  system_i/processing_system7_0/inst/FCLK_CLK0 |                                                                                                                                                              | system_i/ps7_0_axi_periph/s00_couplers/auto_pc/inst/gen_axilite.gen_b2s_conv.axilite_b2s/SI_REG/aw.aw_pipe/s_ready_i_reg_0             |                3 |              4 |
|  system_i/processing_system7_0/inst/FCLK_CLK0 |                                                                                                                                                              | system_i/rst_ps7_0_50M/U0/EXT_LPF/lpf_int                                                                                              |                3 |              5 |
|  system_i/processing_system7_0/inst/FCLK_CLK0 | system_i/rst_ps7_0_50M/U0/SEQ/seq_cnt_en                                                                                                                     | system_i/rst_ps7_0_50M/U0/SEQ/SEQ_COUNTER/clear                                                                                        |                1 |              6 |
|  clk_0_IBUF_BUFG                              | system_i/textlcd_0/inst/textlcd_v1_0_S00_AXI_inst/TL1/count_mode                                                                                             | system_i/textlcd_0/inst/textlcd_v1_0_S00_AXI_inst/TL1/lcd_en_i_2_n_0                                                                   |                2 |              6 |
|  system_i/processing_system7_0/inst/FCLK_CLK0 | system_i/ps7_0_axi_periph/s00_couplers/auto_pc/inst/gen_axilite.gen_b2s_conv.axilite_b2s/WR.aw_channel_0/aw_cmd_fsm_0/wrap_boundary_axaddr_r_reg[0][0]       |                                                                                                                                        |                5 |              8 |
|  system_i/processing_system7_0/inst/FCLK_CLK0 | system_i/ps7_0_axi_periph/s00_couplers/auto_pc/inst/gen_axilite.gen_b2s_conv.axilite_b2s/WR.aw_channel_0/cmd_translator_0/incr_cmd_0/axaddr_incr[11]_i_1_n_0 |                                                                                                                                        |                2 |              8 |
|  system_i/processing_system7_0/inst/FCLK_CLK0 | system_i/ps7_0_axi_periph/s00_couplers/auto_pc/inst/gen_axilite.gen_b2s_conv.axilite_b2s/WR.b_channel_0/mhandshake_r                                         | system_i/ps7_0_axi_periph/s00_couplers/auto_pc/inst/gen_axilite.gen_b2s_conv.axilite_b2s/WR.b_channel_0/bid_fifo_0/SR[0]               |                3 |              8 |
|  system_i/processing_system7_0/inst/FCLK_CLK0 | system_i/ps7_0_axi_periph/s00_couplers/auto_pc/inst/gen_axilite.gen_b2s_conv.axilite_b2s/RD.ar_channel_0/ar_cmd_fsm_0/E[0]                                   |                                                                                                                                        |                4 |              8 |
|  system_i/processing_system7_0/inst/FCLK_CLK0 | system_i/textlcd_0/inst/textlcd_v1_0_S00_AXI_inst/slv_reg6[7]_i_1_n_0                                                                                        | system_i/textlcd_0/inst/textlcd_v1_0_S00_AXI_inst/axi_awready_i_1_n_0                                                                  |                4 |              8 |
|  system_i/processing_system7_0/inst/FCLK_CLK0 | system_i/ps7_0_axi_periph/s00_couplers/auto_pc/inst/gen_axilite.gen_b2s_conv.axilite_b2s/RD.ar_channel_0/ar_cmd_fsm_0/axaddr_incr_reg[0][0]                  |                                                                                                                                        |                2 |              8 |
|  system_i/processing_system7_0/inst/FCLK_CLK0 | system_i/textlcd_0/inst/textlcd_v1_0_S00_AXI_inst/slv_reg1[7]_i_1_n_0                                                                                        | system_i/textlcd_0/inst/textlcd_v1_0_S00_AXI_inst/axi_awready_i_1_n_0                                                                  |                2 |              8 |
|  system_i/processing_system7_0/inst/FCLK_CLK0 | system_i/textlcd_0/inst/textlcd_v1_0_S00_AXI_inst/slv_reg5[7]_i_1_n_0                                                                                        | system_i/textlcd_0/inst/textlcd_v1_0_S00_AXI_inst/axi_awready_i_1_n_0                                                                  |                2 |              8 |
|  system_i/processing_system7_0/inst/FCLK_CLK0 | system_i/textlcd_0/inst/textlcd_v1_0_S00_AXI_inst/slv_reg6[15]_i_1_n_0                                                                                       | system_i/textlcd_0/inst/textlcd_v1_0_S00_AXI_inst/axi_awready_i_1_n_0                                                                  |                2 |              8 |
|  system_i/processing_system7_0/inst/FCLK_CLK0 | system_i/textlcd_0/inst/textlcd_v1_0_S00_AXI_inst/slv_reg7[15]_i_1_n_0                                                                                       | system_i/textlcd_0/inst/textlcd_v1_0_S00_AXI_inst/axi_awready_i_1_n_0                                                                  |                3 |              8 |
|  system_i/processing_system7_0/inst/FCLK_CLK0 | system_i/textlcd_0/inst/textlcd_v1_0_S00_AXI_inst/slv_reg7[31]_i_1_n_0                                                                                       | system_i/textlcd_0/inst/textlcd_v1_0_S00_AXI_inst/axi_awready_i_1_n_0                                                                  |                1 |              8 |
|  system_i/processing_system7_0/inst/FCLK_CLK0 | system_i/textlcd_0/inst/textlcd_v1_0_S00_AXI_inst/slv_reg7[7]_i_1_n_0                                                                                        | system_i/textlcd_0/inst/textlcd_v1_0_S00_AXI_inst/axi_awready_i_1_n_0                                                                  |                6 |              8 |
|  system_i/processing_system7_0/inst/FCLK_CLK0 | system_i/textlcd_0/inst/textlcd_v1_0_S00_AXI_inst/slv_reg5[23]_i_1_n_0                                                                                       | system_i/textlcd_0/inst/textlcd_v1_0_S00_AXI_inst/axi_awready_i_1_n_0                                                                  |                1 |              8 |
|  system_i/processing_system7_0/inst/FCLK_CLK0 | system_i/textlcd_0/inst/textlcd_v1_0_S00_AXI_inst/slv_reg4[31]_i_1_n_0                                                                                       | system_i/textlcd_0/inst/textlcd_v1_0_S00_AXI_inst/axi_awready_i_1_n_0                                                                  |                2 |              8 |
|  system_i/processing_system7_0/inst/FCLK_CLK0 | system_i/textlcd_0/inst/textlcd_v1_0_S00_AXI_inst/slv_reg3[7]_i_1_n_0                                                                                        | system_i/textlcd_0/inst/textlcd_v1_0_S00_AXI_inst/axi_awready_i_1_n_0                                                                  |                3 |              8 |
|  system_i/processing_system7_0/inst/FCLK_CLK0 | system_i/textlcd_0/inst/textlcd_v1_0_S00_AXI_inst/slv_reg7[23]_i_1_n_0                                                                                       | system_i/textlcd_0/inst/textlcd_v1_0_S00_AXI_inst/axi_awready_i_1_n_0                                                                  |                3 |              8 |
|  system_i/processing_system7_0/inst/FCLK_CLK0 | system_i/textlcd_0/inst/textlcd_v1_0_S00_AXI_inst/slv_reg6[23]_i_1_n_0                                                                                       | system_i/textlcd_0/inst/textlcd_v1_0_S00_AXI_inst/axi_awready_i_1_n_0                                                                  |                3 |              8 |
|  system_i/processing_system7_0/inst/FCLK_CLK0 | system_i/textlcd_0/inst/textlcd_v1_0_S00_AXI_inst/slv_reg1[23]_i_1_n_0                                                                                       | system_i/textlcd_0/inst/textlcd_v1_0_S00_AXI_inst/axi_awready_i_1_n_0                                                                  |                2 |              8 |
|  system_i/processing_system7_0/inst/FCLK_CLK0 | system_i/textlcd_0/inst/textlcd_v1_0_S00_AXI_inst/slv_reg2[23]_i_1_n_0                                                                                       | system_i/textlcd_0/inst/textlcd_v1_0_S00_AXI_inst/axi_awready_i_1_n_0                                                                  |                2 |              8 |
|  system_i/processing_system7_0/inst/FCLK_CLK0 | system_i/textlcd_0/inst/textlcd_v1_0_S00_AXI_inst/slv_reg3[23]_i_1_n_0                                                                                       | system_i/textlcd_0/inst/textlcd_v1_0_S00_AXI_inst/axi_awready_i_1_n_0                                                                  |                2 |              8 |
|  system_i/processing_system7_0/inst/FCLK_CLK0 | system_i/textlcd_0/inst/textlcd_v1_0_S00_AXI_inst/slv_reg3[31]_i_1_n_0                                                                                       | system_i/textlcd_0/inst/textlcd_v1_0_S00_AXI_inst/axi_awready_i_1_n_0                                                                  |                2 |              8 |
|  system_i/processing_system7_0/inst/FCLK_CLK0 | system_i/textlcd_0/inst/textlcd_v1_0_S00_AXI_inst/slv_reg4[15]_i_1_n_0                                                                                       | system_i/textlcd_0/inst/textlcd_v1_0_S00_AXI_inst/axi_awready_i_1_n_0                                                                  |                3 |              8 |
|  system_i/processing_system7_0/inst/FCLK_CLK0 | system_i/textlcd_0/inst/textlcd_v1_0_S00_AXI_inst/slv_reg4[23]_i_1_n_0                                                                                       | system_i/textlcd_0/inst/textlcd_v1_0_S00_AXI_inst/axi_awready_i_1_n_0                                                                  |                2 |              8 |
|  system_i/processing_system7_0/inst/FCLK_CLK0 | system_i/textlcd_0/inst/textlcd_v1_0_S00_AXI_inst/slv_reg4[7]_i_1_n_0                                                                                        | system_i/textlcd_0/inst/textlcd_v1_0_S00_AXI_inst/axi_awready_i_1_n_0                                                                  |                3 |              8 |
|  system_i/processing_system7_0/inst/FCLK_CLK0 | system_i/textlcd_0/inst/textlcd_v1_0_S00_AXI_inst/slv_reg2[31]_i_1_n_0                                                                                       | system_i/textlcd_0/inst/textlcd_v1_0_S00_AXI_inst/axi_awready_i_1_n_0                                                                  |                1 |              8 |
|  system_i/processing_system7_0/inst/FCLK_CLK0 | system_i/textlcd_0/inst/textlcd_v1_0_S00_AXI_inst/slv_reg5[15]_i_1_n_0                                                                                       | system_i/textlcd_0/inst/textlcd_v1_0_S00_AXI_inst/axi_awready_i_1_n_0                                                                  |                2 |              8 |
|  system_i/processing_system7_0/inst/FCLK_CLK0 | system_i/textlcd_0/inst/textlcd_v1_0_S00_AXI_inst/slv_reg1[31]_i_1_n_0                                                                                       | system_i/textlcd_0/inst/textlcd_v1_0_S00_AXI_inst/axi_awready_i_1_n_0                                                                  |                2 |              8 |
|  system_i/processing_system7_0/inst/FCLK_CLK0 | system_i/textlcd_0/inst/textlcd_v1_0_S00_AXI_inst/slv_reg5[31]_i_1_n_0                                                                                       | system_i/textlcd_0/inst/textlcd_v1_0_S00_AXI_inst/axi_awready_i_1_n_0                                                                  |                2 |              8 |
|  system_i/processing_system7_0/inst/FCLK_CLK0 | system_i/textlcd_0/inst/textlcd_v1_0_S00_AXI_inst/slv_reg2[7]_i_1_n_0                                                                                        | system_i/textlcd_0/inst/textlcd_v1_0_S00_AXI_inst/axi_awready_i_1_n_0                                                                  |                3 |              8 |
|  system_i/processing_system7_0/inst/FCLK_CLK0 | system_i/textlcd_0/inst/textlcd_v1_0_S00_AXI_inst/slv_reg6[31]_i_1_n_0                                                                                       | system_i/textlcd_0/inst/textlcd_v1_0_S00_AXI_inst/axi_awready_i_1_n_0                                                                  |                1 |              8 |
|  system_i/processing_system7_0/inst/FCLK_CLK0 | system_i/textlcd_0/inst/textlcd_v1_0_S00_AXI_inst/slv_reg3[15]_i_1_n_0                                                                                       | system_i/textlcd_0/inst/textlcd_v1_0_S00_AXI_inst/axi_awready_i_1_n_0                                                                  |                1 |              8 |
|  system_i/processing_system7_0/inst/FCLK_CLK0 | system_i/textlcd_0/inst/textlcd_v1_0_S00_AXI_inst/slv_reg1[15]_i_1_n_0                                                                                       | system_i/textlcd_0/inst/textlcd_v1_0_S00_AXI_inst/axi_awready_i_1_n_0                                                                  |                1 |              8 |
|  system_i/processing_system7_0/inst/FCLK_CLK0 | system_i/textlcd_0/inst/textlcd_v1_0_S00_AXI_inst/slv_reg2[15]_i_1_n_0                                                                                       | system_i/textlcd_0/inst/textlcd_v1_0_S00_AXI_inst/axi_awready_i_1_n_0                                                                  |                1 |              8 |
|  system_i/processing_system7_0/inst/FCLK_CLK0 | system_i/textlcd_0/inst/textlcd_v1_0_S00_AXI_inst/p_1_in[7]                                                                                                  | system_i/textlcd_0/inst/textlcd_v1_0_S00_AXI_inst/axi_awready_i_1_n_0                                                                  |                1 |              8 |
|  system_i/processing_system7_0/inst/FCLK_CLK0 | system_i/textlcd_0/inst/textlcd_v1_0_S00_AXI_inst/p_1_in[15]                                                                                                 | system_i/textlcd_0/inst/textlcd_v1_0_S00_AXI_inst/axi_awready_i_1_n_0                                                                  |                1 |              8 |
|  system_i/processing_system7_0/inst/FCLK_CLK0 | system_i/textlcd_0/inst/textlcd_v1_0_S00_AXI_inst/p_1_in[31]                                                                                                 | system_i/textlcd_0/inst/textlcd_v1_0_S00_AXI_inst/axi_awready_i_1_n_0                                                                  |                2 |              8 |
|  system_i/processing_system7_0/inst/FCLK_CLK0 | system_i/textlcd_0/inst/textlcd_v1_0_S00_AXI_inst/p_1_in[23]                                                                                                 | system_i/textlcd_0/inst/textlcd_v1_0_S00_AXI_inst/axi_awready_i_1_n_0                                                                  |                2 |              8 |
|  system_i/processing_system7_0/inst/FCLK_CLK0 | system_i/seven_seg_0/inst/seven_seg_v1_0_S00_AXI_inst/slv_reg0[23]_i_1_n_0                                                                                   | system_i/seven_seg_0/inst/seven_seg_v1_0_S00_AXI_inst/axi_awready_i_1_n_0                                                              |                2 |              8 |
|  system_i/processing_system7_0/inst/FCLK_CLK0 | system_i/seven_seg_0/inst/seven_seg_v1_0_S00_AXI_inst/slv_reg0[15]_i_1_n_0                                                                                   | system_i/seven_seg_0/inst/seven_seg_v1_0_S00_AXI_inst/axi_awready_i_1_n_0                                                              |                3 |              8 |
|  system_i/processing_system7_0/inst/FCLK_CLK0 | system_i/seven_seg_0/inst/seven_seg_v1_0_S00_AXI_inst/slv_reg0[7]_i_1_n_0                                                                                    | system_i/seven_seg_0/inst/seven_seg_v1_0_S00_AXI_inst/axi_awready_i_1_n_0                                                              |                2 |              8 |
|  system_i/processing_system7_0/inst/FCLK_CLK0 | system_i/seven_seg_0/inst/seven_seg_v1_0_S00_AXI_inst/slv_reg0[31]_i_1_n_0                                                                                   | system_i/seven_seg_0/inst/seven_seg_v1_0_S00_AXI_inst/axi_awready_i_1_n_0                                                              |                1 |              8 |
|  system_i/processing_system7_0/inst/FCLK_CLK0 | system_i/seven_seg_0/inst/seven_seg_v1_0_S00_AXI_inst/slv_reg1[15]_i_1_n_0                                                                                   | system_i/seven_seg_0/inst/seven_seg_v1_0_S00_AXI_inst/axi_awready_i_1_n_0                                                              |                1 |              8 |
|  system_i/processing_system7_0/inst/FCLK_CLK0 | system_i/seven_seg_0/inst/seven_seg_v1_0_S00_AXI_inst/slv_reg1[23]_i_1_n_0                                                                                   | system_i/seven_seg_0/inst/seven_seg_v1_0_S00_AXI_inst/axi_awready_i_1_n_0                                                              |                1 |              8 |
|  system_i/processing_system7_0/inst/FCLK_CLK0 | system_i/seven_seg_0/inst/seven_seg_v1_0_S00_AXI_inst/slv_reg1[31]_i_1_n_0                                                                                   | system_i/seven_seg_0/inst/seven_seg_v1_0_S00_AXI_inst/axi_awready_i_1_n_0                                                              |                1 |              8 |
|  system_i/processing_system7_0/inst/FCLK_CLK0 | system_i/seven_seg_0/inst/seven_seg_v1_0_S00_AXI_inst/slv_reg1[7]_i_1_n_0                                                                                    | system_i/seven_seg_0/inst/seven_seg_v1_0_S00_AXI_inst/axi_awready_i_1_n_0                                                              |                1 |              8 |
|  system_i/processing_system7_0/inst/FCLK_CLK0 | system_i/seven_seg_0/inst/seven_seg_v1_0_S00_AXI_inst/p_1_in[7]                                                                                              | system_i/seven_seg_0/inst/seven_seg_v1_0_S00_AXI_inst/axi_awready_i_1_n_0                                                              |                1 |              8 |
|  system_i/processing_system7_0/inst/FCLK_CLK0 | system_i/seven_seg_0/inst/seven_seg_v1_0_S00_AXI_inst/p_1_in[15]                                                                                             | system_i/seven_seg_0/inst/seven_seg_v1_0_S00_AXI_inst/axi_awready_i_1_n_0                                                              |                1 |              8 |
|  system_i/processing_system7_0/inst/FCLK_CLK0 | system_i/seven_seg_0/inst/seven_seg_v1_0_S00_AXI_inst/slv_reg2[7]_i_1_n_0                                                                                    | system_i/seven_seg_0/inst/seven_seg_v1_0_S00_AXI_inst/axi_awready_i_1_n_0                                                              |                1 |              8 |
|  system_i/processing_system7_0/inst/FCLK_CLK0 | system_i/seven_seg_0/inst/seven_seg_v1_0_S00_AXI_inst/slv_reg2[31]_i_1_n_0                                                                                   | system_i/seven_seg_0/inst/seven_seg_v1_0_S00_AXI_inst/axi_awready_i_1_n_0                                                              |                1 |              8 |
|  system_i/processing_system7_0/inst/FCLK_CLK0 | system_i/seven_seg_0/inst/seven_seg_v1_0_S00_AXI_inst/slv_reg2[15]_i_1_n_0                                                                                   | system_i/seven_seg_0/inst/seven_seg_v1_0_S00_AXI_inst/axi_awready_i_1_n_0                                                              |                2 |              8 |
|  system_i/processing_system7_0/inst/FCLK_CLK0 | system_i/seven_seg_0/inst/seven_seg_v1_0_S00_AXI_inst/slv_reg2[23]_i_1_n_0                                                                                   | system_i/seven_seg_0/inst/seven_seg_v1_0_S00_AXI_inst/axi_awready_i_1_n_0                                                              |                1 |              8 |
|  system_i/processing_system7_0/inst/FCLK_CLK0 | system_i/seven_seg_0/inst/seven_seg_v1_0_S00_AXI_inst/p_1_in[31]                                                                                             | system_i/seven_seg_0/inst/seven_seg_v1_0_S00_AXI_inst/axi_awready_i_1_n_0                                                              |                1 |              8 |
|  system_i/processing_system7_0/inst/FCLK_CLK0 | system_i/seven_seg_0/inst/seven_seg_v1_0_S00_AXI_inst/p_1_in[23]                                                                                             | system_i/seven_seg_0/inst/seven_seg_v1_0_S00_AXI_inst/axi_awready_i_1_n_0                                                              |                1 |              8 |
|  system_i/processing_system7_0/inst/FCLK_CLK0 |                                                                                                                                                              | system_i/seven_seg_0/inst/seven_seg_v1_0_S00_AXI_inst/axi_awready_i_1_n_0                                                              |                3 |             10 |
|  system_i/processing_system7_0/inst/FCLK_CLK0 |                                                                                                                                                              | system_i/textlcd_0/inst/textlcd_v1_0_S00_AXI_inst/axi_awready_i_1_n_0                                                                  |                4 |             11 |
|  system_i/processing_system7_0/inst/FCLK_CLK0 |                                                                                                                                                              | system_i/ps7_0_axi_periph/xbar/inst/gen_sasd.crossbar_sasd_0/addr_arbiter_inst/SR[0]                                                   |                5 |             11 |
|  clk_0_IBUF_BUFG                              |                                                                                                                                                              | system_i/textlcd_0/inst/textlcd_v1_0_S00_AXI_inst/TL1/lcd_en_i_2_n_0                                                                   |                5 |             12 |
|  system_i/processing_system7_0/inst/FCLK_CLK0 | system_i/ps7_0_axi_periph/s00_couplers/auto_pc/inst/gen_axilite.gen_b2s_conv.axilite_b2s/RD.r_channel_0/r_push_r                                             |                                                                                                                                        |                4 |             13 |
|  system_i/processing_system7_0/inst/FCLK_CLK0 | system_i/ps7_0_axi_periph/s00_couplers/auto_pc/inst/gen_axilite.gen_b2s_conv.axilite_b2s/SI_REG/b.b_pipe/p_1_in                                              |                                                                                                                                        |                2 |             14 |
|  system_i/processing_system7_0/inst/FCLK_CLK0 | system_i/ps7_0_axi_periph/s00_couplers/auto_pc/inst/gen_axilite.gen_b2s_conv.axilite_b2s/SI_REG/b.b_pipe/skid_buffer_reg[0]_0                                |                                                                                                                                        |                2 |             14 |
|  clk_0_IBUF_BUFG                              |                                                                                                                                                              | system_i/seven_seg_0/inst/seven_seg_v1_0_S00_AXI_inst/SS1/seg_en[7]_i_2_n_0                                                            |                5 |             15 |
|  system_i/processing_system7_0/inst/FCLK_CLK0 | system_i/ps7_0_axi_periph/s00_couplers/auto_pc/inst/gen_axilite.gen_b2s_conv.axilite_b2s/WR.aw_channel_0/aw_cmd_fsm_0/b_push                                 |                                                                                                                                        |                3 |             16 |
|  clk_0_IBUF_BUFG                              | system_i/seven_seg_0/inst/seven_seg_v1_0_S00_AXI_inst/SS1/seg_en                                                                                             | system_i/seven_seg_0/inst/seven_seg_v1_0_S00_AXI_inst/SS1/seg_en[7]_i_2_n_0                                                            |                5 |             16 |
|  system_i/processing_system7_0/inst/FCLK_CLK0 | system_i/ps7_0_axi_periph/s00_couplers/auto_pc/inst/gen_axilite.gen_b2s_conv.axilite_b2s/WR.aw_channel_0/aw_cmd_fsm_0/E[0]                                   |                                                                                                                                        |                6 |             17 |
|  system_i/processing_system7_0/inst/FCLK_CLK0 | system_i/ps7_0_axi_periph/s00_couplers/auto_pc/inst/gen_axilite.gen_b2s_conv.axilite_b2s/RD.ar_channel_0/ar_cmd_fsm_0/axlen_cnt_reg[4][0]                    |                                                                                                                                        |                7 |             17 |
|  system_i/processing_system7_0/inst/FCLK_CLK0 | system_i/ps7_0_axi_periph/xbar/inst/gen_sasd.crossbar_sasd_0/addr_arbiter_inst/p_0_in1_in                                                                    | system_i/ps7_0_axi_periph/xbar/inst/gen_sasd.crossbar_sasd_0/addr_arbiter_inst/SR[0]                                                   |                5 |             19 |
|  system_i/processing_system7_0/inst/FCLK_CLK0 | system_i/textlcd_0/inst/textlcd_v1_0_S00_AXI_inst/slv_reg_rden__0                                                                                            | system_i/textlcd_0/inst/textlcd_v1_0_S00_AXI_inst/axi_awready_i_1_n_0                                                                  |               30 |             32 |
|  system_i/processing_system7_0/inst/FCLK_CLK0 | system_i/ps7_0_axi_periph/xbar/inst/gen_sasd.crossbar_sasd_0/reg_slice_r/aa_rready                                                                           |                                                                                                                                        |                9 |             32 |
|  system_i/processing_system7_0/inst/FCLK_CLK0 | system_i/seven_seg_0/inst/seven_seg_v1_0_S00_AXI_inst/slv_reg_rden__0                                                                                        | system_i/seven_seg_0/inst/seven_seg_v1_0_S00_AXI_inst/axi_awready_i_1_n_0                                                              |                9 |             32 |
|  system_i/processing_system7_0/inst/FCLK_CLK0 | system_i/ps7_0_axi_periph/s00_couplers/auto_pc/inst/gen_axilite.gen_b2s_conv.axilite_b2s/RD.r_channel_0/rd_data_fifo_0/wr_en0                                |                                                                                                                                        |               10 |             34 |
|  system_i/processing_system7_0/inst/FCLK_CLK0 | system_i/ps7_0_axi_periph/xbar/inst/gen_sasd.crossbar_sasd_0/addr_arbiter_inst/E[0]                                                                          |                                                                                                                                        |               11 |             35 |
|  system_i/processing_system7_0/inst/FCLK_CLK0 | system_i/ps7_0_axi_periph/s00_couplers/auto_pc/inst/gen_axilite.gen_b2s_conv.axilite_b2s/WR.aw_channel_0/aw_cmd_fsm_0/m_payload_i_reg[0][0]                  |                                                                                                                                        |                6 |             44 |
|  system_i/processing_system7_0/inst/FCLK_CLK0 | system_i/ps7_0_axi_periph/s00_couplers/auto_pc/inst/gen_axilite.gen_b2s_conv.axilite_b2s/SI_REG/ar.ar_pipe/s_axi_arready                                     |                                                                                                                                        |               13 |             44 |
|  system_i/processing_system7_0/inst/FCLK_CLK0 | system_i/ps7_0_axi_periph/s00_couplers/auto_pc/inst/gen_axilite.gen_b2s_conv.axilite_b2s/SI_REG/aw.aw_pipe/s_axi_awready                                     |                                                                                                                                        |                9 |             44 |
|  system_i/processing_system7_0/inst/FCLK_CLK0 | system_i/ps7_0_axi_periph/s00_couplers/auto_pc/inst/gen_axilite.gen_b2s_conv.axilite_b2s/RD.ar_channel_0/ar_cmd_fsm_0/m_payload_i_reg[0]_1[0]                |                                                                                                                                        |               10 |             44 |
|  system_i/processing_system7_0/inst/FCLK_CLK0 | system_i/ps7_0_axi_periph/s00_couplers/auto_pc/inst/gen_axilite.gen_b2s_conv.axilite_b2s/SI_REG/r.r_pipe/p_1_in                                              |                                                                                                                                        |                8 |             47 |
|  system_i/processing_system7_0/inst/FCLK_CLK0 | system_i/ps7_0_axi_periph/s00_couplers/auto_pc/inst/gen_axilite.gen_b2s_conv.axilite_b2s/SI_REG/r.r_pipe/skid_buffer_reg[0]_0                                |                                                                                                                                        |                9 |             47 |
|  system_i/processing_system7_0/inst/FCLK_CLK0 |                                                                                                                                                              | system_i/ps7_0_axi_periph/s00_couplers/auto_pc/inst/gen_axilite.gen_b2s_conv.axilite_b2s/areset_d1                                     |               12 |             59 |
|  system_i/processing_system7_0/inst/FCLK_CLK0 |                                                                                                                                                              |                                                                                                                                        |               40 |            130 |
+-----------------------------------------------+--------------------------------------------------------------------------------------------------------------------------------------------------------------+----------------------------------------------------------------------------------------------------------------------------------------+------------------+----------------+


+--------+-----------------------+
| Fanout | Number of ControlSets |
+--------+-----------------------+
| 2      |                     1 |
| 4      |                     5 |
| 5      |                     1 |
| 6      |                     2 |
| 8      |                    53 |
| 10     |                     1 |
| 11     |                     2 |
| 12     |                     1 |
| 13     |                     1 |
| 14     |                     2 |
| 15     |                     1 |
| 16+    |                    18 |
+--------+-----------------------+


