00:13:07 INFO  : Registering command handlers for SDK TCF services
00:13:08 INFO  : Launching XSCT server: xsct.bat -interactive C:\2014104101\ps_digital_clock\ps_digital_clock.sdk\temp_xsdb_launch_script.tcl
00:13:15 INFO  : XSCT server has started successfully.
00:13:15 INFO  : Successfully done setting XSCT server connection channel  
00:13:20 INFO  : Successfully done setting SDK workspace  
00:13:20 INFO  : Processing command line option -hwspec C:/2014104101/ps_digital_clock/ps_digital_clock.sdk/system_wrapper.hdf.
00:18:34 INFO  : Saving repository preferences.
00:18:34 INFO  : Reading in cores from local repositories: 
		 C:\2014104101\ip_repo
00:18:34 INFO  : Cleaning BSP projects in the workspace.
00:20:13 INFO  : No changes in MSS file content so not generating sources.
19:30:31 INFO  : Registering command handlers for SDK TCF services
19:30:31 INFO  : Launching XSCT server: xsct.bat -interactive C:\2014104101\ps_digital_clock\ps_digital_clock.sdk\temp_xsdb_launch_script.tcl
19:30:36 INFO  : XSCT server has started successfully.
19:30:37 INFO  : Successfully done setting XSCT server connection channel  
19:30:40 INFO  : Successfully done setting SDK workspace  
19:30:40 INFO  : Restoring local repository preferences: 
		 C:\2014104101\ip_repo
19:30:40 INFO  : Processing command line option -hwspec C:/2014104101/ps_digital_clock/ps_digital_clock.sdk/system_wrapper.hdf.
19:30:40 INFO  : Checking for hwspec changes in the project system_wrapper_hw_platform_0.
02:23:04 INFO  : Registering command handlers for SDK TCF services
02:23:05 INFO  : Launching XSCT server: xsct.bat -interactive C:\2014104101\ps_digital_clock\ps_digital_clock.sdk\temp_xsdb_launch_script.tcl
02:23:08 INFO  : XSCT server has started successfully.
02:23:08 INFO  : Successfully done setting XSCT server connection channel  
02:23:09 INFO  : Successfully done setting SDK workspace  
02:23:09 INFO  : Restoring local repository preferences: 
		 C:\2014104101\ip_repo
02:23:09 INFO  : Processing command line option -hwspec C:/2014104101/ps_digital_clock/ps_digital_clock.sdk/system_wrapper.hdf.
02:23:09 INFO  : Checking for hwspec changes in the project system_wrapper_hw_platform_0.
